[0.010s] Invoking command in '/home/grey/Documentos/GitHub/Proyecto-Robotica-Fireye/fireye/ros2_ws/build/fireye_world': CMAKE_PREFIX_PATH=${CMAKE_PREFIX_PATH}:/home/grey/turtlebot3_ws/install/show_msg:/home/grey/turtlebot3_ws/install/my_first_subscriber:/home/grey/turtlebot3_ws/install/my_first_service:/home/grey/turtlebot3_ws/install/my_first_publisher:/home/grey/turtlebot3_ws/install/my_first_node:/home/grey/turtlebot3_ws/install/my_first_action:/opt/ros/jazzy DEBUGINFOD_URLS=https://debuginfod.ubuntu.com /usr/bin/cmake --build /home/grey/Documentos/GitHub/Proyecto-Robotica-Fireye/fireye/ros2_ws/build/fireye_world -- -j22 -l22
[0.055s] [ 25%] Built target obstacle2
[0.057s] [ 50%] Built target obstacle1
[0.058s] [ 75%] Built target obstacles
[0.060s] [100%] Built target turtlebot3_drive
[0.069s] Invoked command in '/home/grey/Documentos/GitHub/Proyecto-Robotica-Fireye/fireye/ros2_ws/build/fireye_world' returned '0': CMAKE_PREFIX_PATH=${CMAKE_PREFIX_PATH}:/home/grey/turtlebot3_ws/install/show_msg:/home/grey/turtlebot3_ws/install/my_first_subscriber:/home/grey/turtlebot3_ws/install/my_first_service:/home/grey/turtlebot3_ws/install/my_first_publisher:/home/grey/turtlebot3_ws/install/my_first_node:/home/grey/turtlebot3_ws/install/my_first_action:/opt/ros/jazzy DEBUGINFOD_URLS=https://debuginfod.ubuntu.com /usr/bin/cmake --build /home/grey/Documentos/GitHub/Proyecto-Robotica-Fireye/fireye/ros2_ws/build/fireye_world -- -j22 -l22
[0.075s] Invoking command in '/home/grey/Documentos/GitHub/Proyecto-Robotica-Fireye/fireye/ros2_ws/build/fireye_world': CMAKE_PREFIX_PATH=${CMAKE_PREFIX_PATH}:/home/grey/turtlebot3_ws/install/show_msg:/home/grey/turtlebot3_ws/install/my_first_subscriber:/home/grey/turtlebot3_ws/install/my_first_service:/home/grey/turtlebot3_ws/install/my_first_publisher:/home/grey/turtlebot3_ws/install/my_first_node:/home/grey/turtlebot3_ws/install/my_first_action:/opt/ros/jazzy DEBUGINFOD_URLS=https://debuginfod.ubuntu.com /usr/bin/cmake --install /home/grey/Documentos/GitHub/Proyecto-Robotica-Fireye/fireye/ros2_ws/build/fireye_world
[0.082s] -- Install configuration: ""
[0.082s] -- Up-to-date: /home/grey/Documentos/GitHub/Proyecto-Robotica-Fireye/fireye/ros2_ws/install/fireye_world/lib/fireye_world/turtlebot3_drive
[0.082s] -- Up-to-date: /home/grey/Documentos/GitHub/Proyecto-Robotica-Fireye/fireye/ros2_ws/install/fireye_world/lib/fireye_world/libobstacles.so
[0.083s] -- Up-to-date: /home/grey/Documentos/GitHub/Proyecto-Robotica-Fireye/fireye/ros2_ws/install/fireye_world/lib/fireye_world/libobstacle1.so
[0.083s] -- Up-to-date: /home/grey/Documentos/GitHub/Proyecto-Robotica-Fireye/fireye/ros2_ws/install/fireye_world/lib/fireye_world/libobstacle2.so
[0.083s] -- Up-to-date: /home/grey/Documentos/GitHub/Proyecto-Robotica-Fireye/fireye/ros2_ws/install/fireye_world/share/fireye_world//launch
[0.083s] -- Up-to-date: /home/grey/Documentos/GitHub/Proyecto-Robotica-Fireye/fireye/ros2_ws/install/fireye_world/share/fireye_world//launch/spawn_turtlebot3.launch.py
[0.083s] -- Up-to-date: /home/grey/Documentos/GitHub/Proyecto-Robotica-Fireye/fireye/ros2_ws/install/fireye_world/share/fireye_world//launch/robot_state_publisher.launch.pyZone.Identifier
[0.083s] -- Up-to-date: /home/grey/Documentos/GitHub/Proyecto-Robotica-Fireye/fireye/ros2_ws/install/fireye_world/share/fireye_world//launch/robot_state_publisher.launch.py
[0.083s] -- Up-to-date: /home/grey/Documentos/GitHub/Proyecto-Robotica-Fireye/fireye/ros2_ws/install/fireye_world/share/fireye_world//launch/fireye_world.launch.py
[0.083s] -- Up-to-date: /home/grey/Documentos/GitHub/Proyecto-Robotica-Fireye/fireye/ros2_ws/install/fireye_world/share/fireye_world//launch/spawn_turtlebot3.launch.pyZone.Identifier
[0.083s] -- Up-to-date: /home/grey/Documentos/GitHub/Proyecto-Robotica-Fireye/fireye/ros2_ws/install/fireye_world/share/fireye_world//models
[0.083s] -- Up-to-date: /home/grey/Documentos/GitHub/Proyecto-Robotica-Fireye/fireye/ros2_ws/install/fireye_world/share/fireye_world//models/cafe
[0.083s] -- Up-to-date: /home/grey/Documentos/GitHub/Proyecto-Robotica-Fireye/fireye/ros2_ws/install/fireye_world/share/fireye_world//models/cafe/meshes
[0.083s] -- Up-to-date: /home/grey/Documentos/GitHub/Proyecto-Robotica-Fireye/fireye/ros2_ws/install/fireye_world/share/fireye_world//models/cafe/meshes/cafe.dae
[0.083s] -- Up-to-date: /home/grey/Documentos/GitHub/Proyecto-Robotica-Fireye/fireye/ros2_ws/install/fireye_world/share/fireye_world//models/cafe/model.sdf
[0.083s] -- Up-to-date: /home/grey/Documentos/GitHub/Proyecto-Robotica-Fireye/fireye/ros2_ws/install/fireye_world/share/fireye_world//models/cafe/materials
[0.083s] -- Up-to-date: /home/grey/Documentos/GitHub/Proyecto-Robotica-Fireye/fireye/ros2_ws/install/fireye_world/share/fireye_world//models/cafe/materials/textures
[0.083s] -- Up-to-date: /home/grey/Documentos/GitHub/Proyecto-Robotica-Fireye/fireye/ros2_ws/install/fireye_world/share/fireye_world//models/cafe/materials/textures/__auto_25.jpg
[0.083s] -- Up-to-date: /home/grey/Documentos/GitHub/Proyecto-Robotica-Fireye/fireye/ros2_ws/install/fireye_world/share/fireye_world//models/cafe/materials/textures/__auto_28.jpg
[0.083s] -- Up-to-date: /home/grey/Documentos/GitHub/Proyecto-Robotica-Fireye/fireye/ros2_ws/install/fireye_world/share/fireye_world//models/cafe/materials/textures/__auto_23.jpg
[0.083s] -- Up-to-date: /home/grey/Documentos/GitHub/Proyecto-Robotica-Fireye/fireye/ros2_ws/install/fireye_world/share/fireye_world//models/cafe/materials/textures/__auto_10.jpg
[0.084s] -- Up-to-date: /home/grey/Documentos/GitHub/Proyecto-Robotica-Fireye/fireye/ros2_ws/install/fireye_world/share/fireye_world//models/cafe/materials/textures/__auto_31.jpg
[0.084s] -- Up-to-date: /home/grey/Documentos/GitHub/Proyecto-Robotica-Fireye/fireye/ros2_ws/install/fireye_world/share/fireye_world//models/cafe/materials/textures/__auto_26.jpg
[0.084s] -- Up-to-date: /home/grey/Documentos/GitHub/Proyecto-Robotica-Fireye/fireye/ros2_ws/install/fireye_world/share/fireye_world//models/cafe/materials/textures/__auto_2.jpg
[0.084s] -- Up-to-date: /home/grey/Documentos/GitHub/Proyecto-Robotica-Fireye/fireye/ros2_ws/install/fireye_world/share/fireye_world//models/cafe/materials/textures/__auto_34.jpg
[0.084s] -- Up-to-date: /home/grey/Documentos/GitHub/Proyecto-Robotica-Fireye/fireye/ros2_ws/install/fireye_world/share/fireye_world//models/cafe/materials/textures/__auto_37.jpg
[0.084s] -- Up-to-date: /home/grey/Documentos/GitHub/Proyecto-Robotica-Fireye/fireye/ros2_ws/install/fireye_world/share/fireye_world//models/cafe/materials/textures/__auto_35.jpg
[0.084s] -- Up-to-date: /home/grey/Documentos/GitHub/Proyecto-Robotica-Fireye/fireye/ros2_ws/install/fireye_world/share/fireye_world//models/cafe/materials/textures/__auto_30.jpg
[0.084s] -- Up-to-date: /home/grey/Documentos/GitHub/Proyecto-Robotica-Fireye/fireye/ros2_ws/install/fireye_world/share/fireye_world//models/cafe/materials/textures/__auto_21.jpg
[0.084s] -- Up-to-date: /home/grey/Documentos/GitHub/Proyecto-Robotica-Fireye/fireye/ros2_ws/install/fireye_world/share/fireye_world//models/cafe/materials/textures/__auto_22.jpg
[0.084s] -- Up-to-date: /home/grey/Documentos/GitHub/Proyecto-Robotica-Fireye/fireye/ros2_ws/install/fireye_world/share/fireye_world//models/cafe/materials/textures/__auto_24.jpg
[0.084s] -- Up-to-date: /home/grey/Documentos/GitHub/Proyecto-Robotica-Fireye/fireye/ros2_ws/install/fireye_world/share/fireye_world//models/cafe/materials/textures/__auto_29.jpg
[0.084s] -- Up-to-date: /home/grey/Documentos/GitHub/Proyecto-Robotica-Fireye/fireye/ros2_ws/install/fireye_world/share/fireye_world//models/cafe/model.config
[0.084s] -- Up-to-date: /home/grey/Documentos/GitHub/Proyecto-Robotica-Fireye/fireye/ros2_ws/install/fireye_world/share/fireye_world//models/small_house
[0.084s] -- Up-to-date: /home/grey/Documentos/GitHub/Proyecto-Robotica-Fireye/fireye/ros2_ws/install/fireye_world/share/fireye_world//models/small_house/model.sdf
[0.084s] -- Up-to-date: /home/grey/Documentos/GitHub/Proyecto-Robotica-Fireye/fireye/ros2_ws/install/fireye_world/share/fireye_world//models/small_house/model.config
[0.084s] -- Up-to-date: /home/grey/Documentos/GitHub/Proyecto-Robotica-Fireye/fireye/ros2_ws/install/fireye_world/share/fireye_world//models/turtlebot3_common
[0.084s] -- Up-to-date: /home/grey/Documentos/GitHub/Proyecto-Robotica-Fireye/fireye/ros2_ws/install/fireye_world/share/fireye_world//models/turtlebot3_common/model.configZone.Identifier
[0.084s] -- Up-to-date: /home/grey/Documentos/GitHub/Proyecto-Robotica-Fireye/fireye/ros2_ws/install/fireye_world/share/fireye_world//models/turtlebot3_common/meshes
[0.084s] -- Up-to-date: /home/grey/Documentos/GitHub/Proyecto-Robotica-Fireye/fireye/ros2_ws/install/fireye_world/share/fireye_world//models/turtlebot3_common/meshes/r200.dae
[0.084s] -- Up-to-date: /home/grey/Documentos/GitHub/Proyecto-Robotica-Fireye/fireye/ros2_ws/install/fireye_world/share/fireye_world//models/turtlebot3_common/meshes/wheels
[0.084s] -- Up-to-date: /home/grey/Documentos/GitHub/Proyecto-Robotica-Fireye/fireye/ros2_ws/install/fireye_world/share/fireye_world//models/turtlebot3_common/meshes/wheels/right_tire.stl
[0.084s] -- Up-to-date: /home/grey/Documentos/GitHub/Proyecto-Robotica-Fireye/fireye/ros2_ws/install/fireye_world/share/fireye_world//models/turtlebot3_common/meshes/wheels/right_tire.stlZone.Identifier
[0.085s] -- Up-to-date: /home/grey/Documentos/GitHub/Proyecto-Robotica-Fireye/fireye/ros2_ws/install/fireye_world/share/fireye_world//models/turtlebot3_common/meshes/wheels/left_tire.stl
[0.085s] -- Up-to-date: /home/grey/Documentos/GitHub/Proyecto-Robotica-Fireye/fireye/ros2_ws/install/fireye_world/share/fireye_world//models/turtlebot3_common/meshes/wheels/left_tire.stlZone.Identifier
[0.085s] -- Up-to-date: /home/grey/Documentos/GitHub/Proyecto-Robotica-Fireye/fireye/ros2_ws/install/fireye_world/share/fireye_world//models/turtlebot3_common/meshes/sensors
[0.085s] -- Up-to-date: /home/grey/Documentos/GitHub/Proyecto-Robotica-Fireye/fireye/ros2_ws/install/fireye_world/share/fireye_world//models/turtlebot3_common/meshes/sensors/r200.dae
[0.085s] -- Up-to-date: /home/grey/Documentos/GitHub/Proyecto-Robotica-Fireye/fireye/ros2_ws/install/fireye_world/share/fireye_world//models/turtlebot3_common/meshes/sensors/astra.dae
[0.085s] -- Up-to-date: /home/grey/Documentos/GitHub/Proyecto-Robotica-Fireye/fireye/ros2_ws/install/fireye_world/share/fireye_world//models/turtlebot3_common/meshes/sensors/lds.stl
[0.085s] -- Up-to-date: /home/grey/Documentos/GitHub/Proyecto-Robotica-Fireye/fireye/ros2_ws/install/fireye_world/share/fireye_world//models/turtlebot3_common/meshes/sensors/astra.jpg
[0.085s] -- Up-to-date: /home/grey/Documentos/GitHub/Proyecto-Robotica-Fireye/fireye/ros2_ws/install/fireye_world/share/fireye_world//models/turtlebot3_common/meshes/sensors/astra.jpgZone.Identifier
[0.085s] -- Up-to-date: /home/grey/Documentos/GitHub/Proyecto-Robotica-Fireye/fireye/ros2_ws/install/fireye_world/share/fireye_world//models/turtlebot3_common/meshes/sensors/r200.daeZone.Identifier
[0.085s] -- Up-to-date: /home/grey/Documentos/GitHub/Proyecto-Robotica-Fireye/fireye/ros2_ws/install/fireye_world/share/fireye_world//models/turtlebot3_common/meshes/sensors/r200.jpgZone.Identifier
[0.085s] -- Up-to-date: /home/grey/Documentos/GitHub/Proyecto-Robotica-Fireye/fireye/ros2_ws/install/fireye_world/share/fireye_world//models/turtlebot3_common/meshes/sensors/r200.jpg
[0.085s] -- Up-to-date: /home/grey/Documentos/GitHub/Proyecto-Robotica-Fireye/fireye/ros2_ws/install/fireye_world/share/fireye_world//models/turtlebot3_common/meshes/sensors/astra.daeZone.Identifier
[0.085s] -- Up-to-date: /home/grey/Documentos/GitHub/Proyecto-Robotica-Fireye/fireye/ros2_ws/install/fireye_world/share/fireye_world//models/turtlebot3_common/meshes/sensors/lds.stlZone.Identifier
[0.085s] -- Up-to-date: /home/grey/Documentos/GitHub/Proyecto-Robotica-Fireye/fireye/ros2_ws/install/fireye_world/share/fireye_world//models/turtlebot3_common/meshes/waffle_base.daeZone.Identifier
[0.085s] -- Up-to-date: /home/grey/Documentos/GitHub/Proyecto-Robotica-Fireye/fireye/ros2_ws/install/fireye_world/share/fireye_world//models/turtlebot3_common/meshes/burger_base.daeZone.Identifier
[0.085s] -- Up-to-date: /home/grey/Documentos/GitHub/Proyecto-Robotica-Fireye/fireye/ros2_ws/install/fireye_world/share/fireye_world//models/turtlebot3_common/meshes/burger_base.dae
[0.085s] -- Up-to-date: /home/grey/Documentos/GitHub/Proyecto-Robotica-Fireye/fireye/ros2_ws/install/fireye_world/share/fireye_world//models/turtlebot3_common/meshes/r200.daeZone.Identifier
[0.085s] -- Up-to-date: /home/grey/Documentos/GitHub/Proyecto-Robotica-Fireye/fireye/ros2_ws/install/fireye_world/share/fireye_world//models/turtlebot3_common/meshes/tire.daeZone.Identifier
[0.085s] -- Up-to-date: /home/grey/Documentos/GitHub/Proyecto-Robotica-Fireye/fireye/ros2_ws/install/fireye_world/share/fireye_world//models/turtlebot3_common/meshes/bases
[0.085s] -- Up-to-date: /home/grey/Documentos/GitHub/Proyecto-Robotica-Fireye/fireye/ros2_ws/install/fireye_world/share/fireye_world//models/turtlebot3_common/meshes/bases/waffle_pi_base.stlZone.Identifier
[0.085s] -- Up-to-date: /home/grey/Documentos/GitHub/Proyecto-Robotica-Fireye/fireye/ros2_ws/install/fireye_world/share/fireye_world//models/turtlebot3_common/meshes/bases/waffle_base.stlZone.Identifier
[0.085s] -- Up-to-date: /home/grey/Documentos/GitHub/Proyecto-Robotica-Fireye/fireye/ros2_ws/install/fireye_world/share/fireye_world//models/turtlebot3_common/meshes/bases/waffle_base.stl
[0.085s] -- Up-to-date: /home/grey/Documentos/GitHub/Proyecto-Robotica-Fireye/fireye/ros2_ws/install/fireye_world/share/fireye_world//models/turtlebot3_common/meshes/bases/waffle_pi_base.stl
[0.085s] -- Up-to-date: /home/grey/Documentos/GitHub/Proyecto-Robotica-Fireye/fireye/ros2_ws/install/fireye_world/share/fireye_world//models/turtlebot3_common/meshes/bases/burger_base.stl
[0.085s] -- Up-to-date: /home/grey/Documentos/GitHub/Proyecto-Robotica-Fireye/fireye/ros2_ws/install/fireye_world/share/fireye_world//models/turtlebot3_common/meshes/bases/burger_base.stlZone.Identifier
[0.085s] -- Up-to-date: /home/grey/Documentos/GitHub/Proyecto-Robotica-Fireye/fireye/ros2_ws/install/fireye_world/share/fireye_world//models/turtlebot3_common/meshes/waffle_base.dae
[0.085s] -- Up-to-date: /home/grey/Documentos/GitHub/Proyecto-Robotica-Fireye/fireye/ros2_ws/install/fireye_world/share/fireye_world//models/turtlebot3_common/meshes/lds.dae
[0.085s] -- Up-to-date: /home/grey/Documentos/GitHub/Proyecto-Robotica-Fireye/fireye/ros2_ws/install/fireye_world/share/fireye_world//models/turtlebot3_common/meshes/lds.daeZone.Identifier
[0.085s] -- Up-to-date: /home/grey/Documentos/GitHub/Proyecto-Robotica-Fireye/fireye/ros2_ws/install/fireye_world/share/fireye_world//models/turtlebot3_common/meshes/waffle_pi_base.dae
[0.086s] -- Up-to-date: /home/grey/Documentos/GitHub/Proyecto-Robotica-Fireye/fireye/ros2_ws/install/fireye_world/share/fireye_world//models/turtlebot3_common/meshes/waffle_pi_base.daeZone.Identifier
[0.086s] -- Up-to-date: /home/grey/Documentos/GitHub/Proyecto-Robotica-Fireye/fireye/ros2_ws/install/fireye_world/share/fireye_world//models/turtlebot3_common/meshes/tire.dae
[0.086s] -- Up-to-date: /home/grey/Documentos/GitHub/Proyecto-Robotica-Fireye/fireye/ros2_ws/install/fireye_world/share/fireye_world//models/turtlebot3_common/model.config
[0.086s] -- Up-to-date: /home/grey/Documentos/GitHub/Proyecto-Robotica-Fireye/fireye/ros2_ws/install/fireye_world/share/fireye_world//models/turtlebot3_burger
[0.086s] -- Up-to-date: /home/grey/Documentos/GitHub/Proyecto-Robotica-Fireye/fireye/ros2_ws/install/fireye_world/share/fireye_world//models/turtlebot3_burger/model.configZone.Identifier
[0.086s] -- Up-to-date: /home/grey/Documentos/GitHub/Proyecto-Robotica-Fireye/fireye/ros2_ws/install/fireye_world/share/fireye_world//models/turtlebot3_burger/model.sdfZone.Identifier
[0.086s] -- Up-to-date: /home/grey/Documentos/GitHub/Proyecto-Robotica-Fireye/fireye/ros2_ws/install/fireye_world/share/fireye_world//models/turtlebot3_burger/model.sdf
[0.086s] -- Up-to-date: /home/grey/Documentos/GitHub/Proyecto-Robotica-Fireye/fireye/ros2_ws/install/fireye_world/share/fireye_world//models/turtlebot3_burger/model-1_4.sdf
[0.086s] -- Up-to-date: /home/grey/Documentos/GitHub/Proyecto-Robotica-Fireye/fireye/ros2_ws/install/fireye_world/share/fireye_world//models/turtlebot3_burger/model.config
[0.086s] -- Up-to-date: /home/grey/Documentos/GitHub/Proyecto-Robotica-Fireye/fireye/ros2_ws/install/fireye_world/share/fireye_world//models/turtlebot3_burger/model-1_4.sdfZone.Identifier
[0.086s] -- Up-to-date: /home/grey/Documentos/GitHub/Proyecto-Robotica-Fireye/fireye/ros2_ws/install/fireye_world/share/fireye_world//models/turtlebot3_burger_cam
[0.086s] -- Up-to-date: /home/grey/Documentos/GitHub/Proyecto-Robotica-Fireye/fireye/ros2_ws/install/fireye_world/share/fireye_world//models/turtlebot3_burger_cam/model.configZone.Identifier
[0.086s] -- Up-to-date: /home/grey/Documentos/GitHub/Proyecto-Robotica-Fireye/fireye/ros2_ws/install/fireye_world/share/fireye_world//models/turtlebot3_burger_cam/model.sdfZone.Identifier
[0.086s] -- Up-to-date: /home/grey/Documentos/GitHub/Proyecto-Robotica-Fireye/fireye/ros2_ws/install/fireye_world/share/fireye_world//models/turtlebot3_burger_cam/model.sdf
[0.086s] -- Up-to-date: /home/grey/Documentos/GitHub/Proyecto-Robotica-Fireye/fireye/ros2_ws/install/fireye_world/share/fireye_world//models/turtlebot3_burger_cam/model-1_4.sdf
[0.086s] -- Up-to-date: /home/grey/Documentos/GitHub/Proyecto-Robotica-Fireye/fireye/ros2_ws/install/fireye_world/share/fireye_world//models/turtlebot3_burger_cam/model.config
[0.086s] -- Up-to-date: /home/grey/Documentos/GitHub/Proyecto-Robotica-Fireye/fireye/ros2_ws/install/fireye_world/share/fireye_world//models/turtlebot3_burger_cam/model-1_4.sdfZone.Identifier
[0.086s] -- Up-to-date: /home/grey/Documentos/GitHub/Proyecto-Robotica-Fireye/fireye/ros2_ws/install/fireye_world/share/fireye_world//params
[0.086s] -- Up-to-date: /home/grey/Documentos/GitHub/Proyecto-Robotica-Fireye/fireye/ros2_ws/install/fireye_world/share/fireye_world//params/turtlebot3_burger_bridge.yamlZone.Identifier
[0.086s] -- Up-to-date: /home/grey/Documentos/GitHub/Proyecto-Robotica-Fireye/fireye/ros2_ws/install/fireye_world/share/fireye_world//params/turtlebot3_burger_bridge.yaml
[0.086s] -- Up-to-date: /home/grey/Documentos/GitHub/Proyecto-Robotica-Fireye/fireye/ros2_ws/install/fireye_world/share/fireye_world//params/turtlebot3_burger_cam_bridge.yamlZone.Identifier
[0.086s] -- Up-to-date: /home/grey/Documentos/GitHub/Proyecto-Robotica-Fireye/fireye/ros2_ws/install/fireye_world/share/fireye_world//params/turtlebot3_burger_cam_bridge.yaml
[0.086s] -- Up-to-date: /home/grey/Documentos/GitHub/Proyecto-Robotica-Fireye/fireye/ros2_ws/install/fireye_world/share/fireye_world//rviz
[0.086s] -- Up-to-date: /home/grey/Documentos/GitHub/Proyecto-Robotica-Fireye/fireye/ros2_ws/install/fireye_world/share/fireye_world//rviz/turtlebot3_burger.urdf
[0.086s] -- Up-to-date: /home/grey/Documentos/GitHub/Proyecto-Robotica-Fireye/fireye/ros2_ws/install/fireye_world/share/fireye_world//rviz/turtlebot3_burger.urdfZone.Identifier
[0.086s] -- Up-to-date: /home/grey/Documentos/GitHub/Proyecto-Robotica-Fireye/fireye/ros2_ws/install/fireye_world/share/fireye_world//urdf
[0.087s] -- Up-to-date: /home/grey/Documentos/GitHub/Proyecto-Robotica-Fireye/fireye/ros2_ws/install/fireye_world/share/fireye_world//urdf/turtlebot3_burger_cam.urdf
[0.087s] -- Up-to-date: /home/grey/Documentos/GitHub/Proyecto-Robotica-Fireye/fireye/ros2_ws/install/fireye_world/share/fireye_world//urdf/common_properties.urdfZone.Identifier
[0.087s] -- Up-to-date: /home/grey/Documentos/GitHub/Proyecto-Robotica-Fireye/fireye/ros2_ws/install/fireye_world/share/fireye_world//urdf/common_properties.urdf
[0.087s] -- Up-to-date: /home/grey/Documentos/GitHub/Proyecto-Robotica-Fireye/fireye/ros2_ws/install/fireye_world/share/fireye_world//urdf/turtlebot3_burger_cam.urdfZone.Identifier
[0.087s] -- Up-to-date: /home/grey/Documentos/GitHub/Proyecto-Robotica-Fireye/fireye/ros2_ws/install/fireye_world/share/fireye_world//urdf/turtlebot3_burger.urdf
[0.087s] -- Up-to-date: /home/grey/Documentos/GitHub/Proyecto-Robotica-Fireye/fireye/ros2_ws/install/fireye_world/share/fireye_world//urdf/turtlebot3_burger.urdfZone.Identifier
[0.087s] -- Up-to-date: /home/grey/Documentos/GitHub/Proyecto-Robotica-Fireye/fireye/ros2_ws/install/fireye_world/share/fireye_world//worlds
[0.087s] -- Up-to-date: /home/grey/Documentos/GitHub/Proyecto-Robotica-Fireye/fireye/ros2_ws/install/fireye_world/share/fireye_world//worlds/my_world.world
[0.087s] -- Up-to-date: /home/grey/Documentos/GitHub/Proyecto-Robotica-Fireye/fireye/ros2_ws/install/fireye_world/share/fireye_world//worlds/turtlebot3_world.worldZone.Identifier
[0.087s] -- Installing: /home/grey/Documentos/GitHub/Proyecto-Robotica-Fireye/fireye/ros2_ws/install/fireye_world/share/fireye_world//worlds/harmonic.sdf
[0.087s] -- Up-to-date: /home/grey/Documentos/GitHub/Proyecto-Robotica-Fireye/fireye/ros2_ws/install/fireye_world/include/
[0.087s] -- Up-to-date: /home/grey/Documentos/GitHub/Proyecto-Robotica-Fireye/fireye/ros2_ws/install/fireye_world/include//obstacle2.hppZone.Identifier
[0.087s] -- Up-to-date: /home/grey/Documentos/GitHub/Proyecto-Robotica-Fireye/fireye/ros2_ws/install/fireye_world/include//turtlebot3_drive.hpp
[0.087s] -- Up-to-date: /home/grey/Documentos/GitHub/Proyecto-Robotica-Fireye/fireye/ros2_ws/install/fireye_world/include//obstacles.hpp
[0.087s] -- Up-to-date: /home/grey/Documentos/GitHub/Proyecto-Robotica-Fireye/fireye/ros2_ws/install/fireye_world/include//traffic_bar_plugin.hpp
[0.087s] -- Up-to-date: /home/grey/Documentos/GitHub/Proyecto-Robotica-Fireye/fireye/ros2_ws/install/fireye_world/include//traffic_bar_plugin.hppZone.Identifier
[0.087s] -- Up-to-date: /home/grey/Documentos/GitHub/Proyecto-Robotica-Fireye/fireye/ros2_ws/install/fireye_world/include//turtlebot3_drive.hppZone.Identifier
[0.087s] -- Up-to-date: /home/grey/Documentos/GitHub/Proyecto-Robotica-Fireye/fireye/ros2_ws/install/fireye_world/include//fireye_world
[0.087s] -- Up-to-date: /home/grey/Documentos/GitHub/Proyecto-Robotica-Fireye/fireye/ros2_ws/install/fireye_world/include//obstacles.hppZone.Identifier
[0.087s] -- Up-to-date: /home/grey/Documentos/GitHub/Proyecto-Robotica-Fireye/fireye/ros2_ws/install/fireye_world/include//traffic_light_plugin.hpp
[0.087s] -- Up-to-date: /home/grey/Documentos/GitHub/Proyecto-Robotica-Fireye/fireye/ros2_ws/install/fireye_world/include//obstacle2.hpp
[0.087s] -- Up-to-date: /home/grey/Documentos/GitHub/Proyecto-Robotica-Fireye/fireye/ros2_ws/install/fireye_world/include//obstacle1.hppZone.Identifier
[0.087s] -- Up-to-date: /home/grey/Documentos/GitHub/Proyecto-Robotica-Fireye/fireye/ros2_ws/install/fireye_world/include//obstacle1.hpp
[0.087s] -- Up-to-date: /home/grey/Documentos/GitHub/Proyecto-Robotica-Fireye/fireye/ros2_ws/install/fireye_world/include//traffic_light_plugin.hppZone.Identifier
[0.087s] -- Up-to-date: /home/grey/Documentos/GitHub/Proyecto-Robotica-Fireye/fireye/ros2_ws/install/fireye_world/share/ament_index/resource_index/package_run_dependencies/fireye_world
[0.087s] -- Up-to-date: /home/grey/Documentos/GitHub/Proyecto-Robotica-Fireye/fireye/ros2_ws/install/fireye_world/share/ament_index/resource_index/parent_prefix_path/fireye_world
[0.088s] -- Up-to-date: /home/grey/Documentos/GitHub/Proyecto-Robotica-Fireye/fireye/ros2_ws/install/fireye_world/share/fireye_world/environment/ament_prefix_path.sh
[0.088s] -- Up-to-date: /home/grey/Documentos/GitHub/Proyecto-Robotica-Fireye/fireye/ros2_ws/install/fireye_world/share/fireye_world/environment/ament_prefix_path.dsv
[0.088s] -- Up-to-date: /home/grey/Documentos/GitHub/Proyecto-Robotica-Fireye/fireye/ros2_ws/install/fireye_world/share/fireye_world/environment/path.sh
[0.088s] -- Up-to-date: /home/grey/Documentos/GitHub/Proyecto-Robotica-Fireye/fireye/ros2_ws/install/fireye_world/share/fireye_world/environment/path.dsv
[0.088s] -- Up-to-date: /home/grey/Documentos/GitHub/Proyecto-Robotica-Fireye/fireye/ros2_ws/install/fireye_world/share/fireye_world/local_setup.bash
[0.088s] -- Up-to-date: /home/grey/Documentos/GitHub/Proyecto-Robotica-Fireye/fireye/ros2_ws/install/fireye_world/share/fireye_world/local_setup.sh
[0.088s] -- Up-to-date: /home/grey/Documentos/GitHub/Proyecto-Robotica-Fireye/fireye/ros2_ws/install/fireye_world/share/fireye_world/local_setup.zsh
[0.088s] -- Up-to-date: /home/grey/Documentos/GitHub/Proyecto-Robotica-Fireye/fireye/ros2_ws/install/fireye_world/share/fireye_world/local_setup.dsv
[0.088s] -- Installing: /home/grey/Documentos/GitHub/Proyecto-Robotica-Fireye/fireye/ros2_ws/install/fireye_world/share/fireye_world/package.dsv
[0.088s] -- Up-to-date: /home/grey/Documentos/GitHub/Proyecto-Robotica-Fireye/fireye/ros2_ws/install/fireye_world/share/ament_index/resource_index/packages/fireye_world
[0.088s] -- Up-to-date: /home/grey/Documentos/GitHub/Proyecto-Robotica-Fireye/fireye/ros2_ws/install/fireye_world/share/fireye_world/cmake/ament_cmake_export_include_directories-extras.cmake
[0.088s] -- Up-to-date: /home/grey/Documentos/GitHub/Proyecto-Robotica-Fireye/fireye/ros2_ws/install/fireye_world/share/fireye_world/cmake/ament_cmake_export_dependencies-extras.cmake
[0.088s] -- Up-to-date: /home/grey/Documentos/GitHub/Proyecto-Robotica-Fireye/fireye/ros2_ws/install/fireye_world/share/fireye_world/cmake/fireye_worldConfig.cmake
[0.088s] -- Up-to-date: /home/grey/Documentos/GitHub/Proyecto-Robotica-Fireye/fireye/ros2_ws/install/fireye_world/share/fireye_world/cmake/fireye_worldConfig-version.cmake
[0.088s] -- Up-to-date: /home/grey/Documentos/GitHub/Proyecto-Robotica-Fireye/fireye/ros2_ws/install/fireye_world/share/fireye_world/package.xml
[0.088s] Invoked command in '/home/grey/Documentos/GitHub/Proyecto-Robotica-Fireye/fireye/ros2_ws/build/fireye_world' returned '0': CMAKE_PREFIX_PATH=${CMAKE_PREFIX_PATH}:/home/grey/turtlebot3_ws/install/show_msg:/home/grey/turtlebot3_ws/install/my_first_subscriber:/home/grey/turtlebot3_ws/install/my_first_service:/home/grey/turtlebot3_ws/install/my_first_publisher:/home/grey/turtlebot3_ws/install/my_first_node:/home/grey/turtlebot3_ws/install/my_first_action:/opt/ros/jazzy DEBUGINFOD_URLS=https://debuginfod.ubuntu.com /usr/bin/cmake --install /home/grey/Documentos/GitHub/Proyecto-Robotica-Fireye/fireye/ros2_ws/build/fireye_world
