[0.016s] Invoking command in '/home/grey/Documentos/GitHub/proy-fireye-ros2/src/build/proy_fireye': CMAKE_PREFIX_PATH=${CMAKE_PREFIX_PATH}:/home/grey/turtlebot3_ws/install/show_msg:/home/grey/turtlebot3_ws/install/my_first_subscriber:/home/grey/turtlebot3_ws/install/my_first_service:/home/grey/turtlebot3_ws/install/my_first_publisher:/home/grey/turtlebot3_ws/install/my_first_node:/home/grey/turtlebot3_ws/install/my_first_action:/opt/ros/jazzy DEBUGINFOD_URLS=https://debuginfod.ubuntu.com /usr/bin/cmake /home/grey/Documentos/GitHub/proy-fireye-ros2/src/proy-fireye -DCMAKE_INSTALL_PREFIX=/home/grey/Documentos/GitHub/proy-fireye-ros2/src/install/proy_fireye
[0.086s] -- The C compiler identification is GNU 13.3.0
[0.154s] -- The CXX compiler identification is GNU 13.3.0
[0.176s] -- Detecting C compiler ABI info
[0.284s] -- Detecting C compiler ABI info - done
[0.297s] -- Check for working C compiler: /usr/bin/cc - skipped
[0.297s] -- Detecting C compile features
[0.298s] -- Detecting C compile features - done
[0.311s] -- Detecting CXX compiler ABI info
[0.443s] -- Detecting CXX compiler ABI info - done
[0.457s] -- Check for working CXX compiler: /usr/bin/c++ - skipped
[0.458s] -- Detecting CXX compile features
[0.458s] -- Detecting CXX compile features - done
[0.463s] -- Found ament_cmake: 2.5.5 (/opt/ros/jazzy/share/ament_cmake/cmake)
[0.665s] -- Found Python3: /usr/bin/python3 (found version "3.12.3") found components: Interpreter 
[0.904s] -- Configuring done (0.9s)
[0.907s] -- Generating done (0.0s)
[0.908s] -- Build files have been written to: /home/grey/Documentos/GitHub/proy-fireye-ros2/src/build/proy_fireye
[0.915s] Invoked command in '/home/grey/Documentos/GitHub/proy-fireye-ros2/src/build/proy_fireye' returned '0': CMAKE_PREFIX_PATH=${CMAKE_PREFIX_PATH}:/home/grey/turtlebot3_ws/install/show_msg:/home/grey/turtlebot3_ws/install/my_first_subscriber:/home/grey/turtlebot3_ws/install/my_first_service:/home/grey/turtlebot3_ws/install/my_first_publisher:/home/grey/turtlebot3_ws/install/my_first_node:/home/grey/turtlebot3_ws/install/my_first_action:/opt/ros/jazzy DEBUGINFOD_URLS=https://debuginfod.ubuntu.com /usr/bin/cmake /home/grey/Documentos/GitHub/proy-fireye-ros2/src/proy-fireye -DCMAKE_INSTALL_PREFIX=/home/grey/Documentos/GitHub/proy-fireye-ros2/src/install/proy_fireye
[0.917s] Invoking command in '/home/grey/Documentos/GitHub/proy-fireye-ros2/src/build/proy_fireye': CMAKE_PREFIX_PATH=${CMAKE_PREFIX_PATH}:/home/grey/turtlebot3_ws/install/show_msg:/home/grey/turtlebot3_ws/install/my_first_subscriber:/home/grey/turtlebot3_ws/install/my_first_service:/home/grey/turtlebot3_ws/install/my_first_publisher:/home/grey/turtlebot3_ws/install/my_first_node:/home/grey/turtlebot3_ws/install/my_first_action:/opt/ros/jazzy DEBUGINFOD_URLS=https://debuginfod.ubuntu.com /usr/bin/cmake --build /home/grey/Documentos/GitHub/proy-fireye-ros2/src/build/proy_fireye -- -j22 -l22
[0.962s] Invoked command in '/home/grey/Documentos/GitHub/proy-fireye-ros2/src/build/proy_fireye' returned '0': CMAKE_PREFIX_PATH=${CMAKE_PREFIX_PATH}:/home/grey/turtlebot3_ws/install/show_msg:/home/grey/turtlebot3_ws/install/my_first_subscriber:/home/grey/turtlebot3_ws/install/my_first_service:/home/grey/turtlebot3_ws/install/my_first_publisher:/home/grey/turtlebot3_ws/install/my_first_node:/home/grey/turtlebot3_ws/install/my_first_action:/opt/ros/jazzy DEBUGINFOD_URLS=https://debuginfod.ubuntu.com /usr/bin/cmake --build /home/grey/Documentos/GitHub/proy-fireye-ros2/src/build/proy_fireye -- -j22 -l22
[0.977s] Invoking command in '/home/grey/Documentos/GitHub/proy-fireye-ros2/src/build/proy_fireye': CMAKE_PREFIX_PATH=${CMAKE_PREFIX_PATH}:/home/grey/turtlebot3_ws/install/show_msg:/home/grey/turtlebot3_ws/install/my_first_subscriber:/home/grey/turtlebot3_ws/install/my_first_service:/home/grey/turtlebot3_ws/install/my_first_publisher:/home/grey/turtlebot3_ws/install/my_first_node:/home/grey/turtlebot3_ws/install/my_first_action:/opt/ros/jazzy DEBUGINFOD_URLS=https://debuginfod.ubuntu.com /usr/bin/cmake --install /home/grey/Documentos/GitHub/proy-fireye-ros2/src/build/proy_fireye
[0.986s] -- Install configuration: ""
[0.987s] -- Installing: /home/grey/Documentos/GitHub/proy-fireye-ros2/src/install/proy_fireye/share/ament_index/resource_index/package_run_dependencies/proy_fireye
[0.987s] -- Installing: /home/grey/Documentos/GitHub/proy-fireye-ros2/src/install/proy_fireye/share/ament_index/resource_index/parent_prefix_path/proy_fireye
[0.987s] -- Installing: /home/grey/Documentos/GitHub/proy-fireye-ros2/src/install/proy_fireye/share/proy_fireye/environment/ament_prefix_path.sh
[0.987s] -- Installing: /home/grey/Documentos/GitHub/proy-fireye-ros2/src/install/proy_fireye/share/proy_fireye/environment/ament_prefix_path.dsv
[0.987s] -- Installing: /home/grey/Documentos/GitHub/proy-fireye-ros2/src/install/proy_fireye/share/proy_fireye/environment/path.sh
[0.988s] -- Installing: /home/grey/Documentos/GitHub/proy-fireye-ros2/src/install/proy_fireye/share/proy_fireye/environment/path.dsv
[0.988s] -- Installing: /home/grey/Documentos/GitHub/proy-fireye-ros2/src/install/proy_fireye/share/proy_fireye/local_setup.bash
[0.988s] -- Installing: /home/grey/Documentos/GitHub/proy-fireye-ros2/src/install/proy_fireye/share/proy_fireye/local_setup.sh
[0.988s] -- Installing: /home/grey/Documentos/GitHub/proy-fireye-ros2/src/install/proy_fireye/share/proy_fireye/local_setup.zsh
[0.988s] -- Installing: /home/grey/Documentos/GitHub/proy-fireye-ros2/src/install/proy_fireye/share/proy_fireye/local_setup.dsv
[0.988s] -- Installing: /home/grey/Documentos/GitHub/proy-fireye-ros2/src/install/proy_fireye/share/proy_fireye/package.dsv
[0.988s] -- Installing: /home/grey/Documentos/GitHub/proy-fireye-ros2/src/install/proy_fireye/share/ament_index/resource_index/packages/proy_fireye
[0.988s] -- Installing: /home/grey/Documentos/GitHub/proy-fireye-ros2/src/install/proy_fireye/share/proy_fireye/cmake/proy_fireyeConfig.cmake
[0.988s] -- Installing: /home/grey/Documentos/GitHub/proy-fireye-ros2/src/install/proy_fireye/share/proy_fireye/cmake/proy_fireyeConfig-version.cmake
[0.988s] -- Installing: /home/grey/Documentos/GitHub/proy-fireye-ros2/src/install/proy_fireye/share/proy_fireye/package.xml
[0.990s] Invoked command in '/home/grey/Documentos/GitHub/proy-fireye-ros2/src/build/proy_fireye' returned '0': CMAKE_PREFIX_PATH=${CMAKE_PREFIX_PATH}:/home/grey/turtlebot3_ws/install/show_msg:/home/grey/turtlebot3_ws/install/my_first_subscriber:/home/grey/turtlebot3_ws/install/my_first_service:/home/grey/turtlebot3_ws/install/my_first_publisher:/home/grey/turtlebot3_ws/install/my_first_node:/home/grey/turtlebot3_ws/install/my_first_action:/opt/ros/jazzy DEBUGINFOD_URLS=https://debuginfod.ubuntu.com /usr/bin/cmake --install /home/grey/Documentos/GitHub/proy-fireye-ros2/src/build/proy_fireye
