[0.024s] Invoking command in '/home/grey/Documentos/GitHub/proy-fireye-ros2/src/build/fireye_world': CMAKE_PREFIX_PATH=${CMAKE_PREFIX_PATH}:/home/grey/turtlebot3_ws/install/show_msg:/home/grey/turtlebot3_ws/install/my_first_subscriber:/home/grey/turtlebot3_ws/install/my_first_service:/home/grey/turtlebot3_ws/install/my_first_publisher:/home/grey/turtlebot3_ws/install/my_first_node:/home/grey/turtlebot3_ws/install/my_first_action:/opt/ros/jazzy DEBUGINFOD_URLS=https://debuginfod.ubuntu.com /usr/bin/cmake /home/grey/Documentos/GitHub/proy-fireye-ros2/src/proy-fireye_world -DCMAKE_INSTALL_PREFIX=/home/grey/Documentos/GitHub/proy-fireye-ros2/src/install/fireye_world
[0.088s] -- The C compiler identification is GNU 13.3.0
[0.155s] -- The CXX compiler identification is GNU 13.3.0
[0.176s] -- Detecting C compiler ABI info
[0.295s] -- Detecting C compiler ABI info - done
[0.309s] -- Check for working C compiler: /usr/bin/cc - skipped
[0.309s] -- Detecting C compile features
[0.310s] -- Detecting C compile features - done
[0.322s] -- Detecting CXX compiler ABI info
[0.453s] -- Detecting CXX compiler ABI info - done
[0.466s] -- Check for working CXX compiler: /usr/bin/c++ - skipped
[0.466s] -- Detecting CXX compile features
[0.466s] -- Detecting CXX compile features - done
[0.472s] -- Found ament_cmake: 2.5.5 (/opt/ros/jazzy/share/ament_cmake/cmake)
[0.668s] -- Found Python3: /usr/bin/python3 (found version "3.12.3") found components: Interpreter 
[0.813s] -- Found ros_gz_sim: 1.0.18 (/opt/ros/jazzy/share/ros_gz_sim/cmake)
[0.880s] -- Found rosidl_generator_c: 4.6.7 (/opt/ros/jazzy/share/rosidl_generator_c/cmake)
[0.899s] -- Found rosidl_generator_cpp: 4.6.7 (/opt/ros/jazzy/share/rosidl_generator_cpp/cmake)
[0.923s] -- Using all available rosidl_typesupport_c: rosidl_typesupport_fastrtps_c;rosidl_typesupport_introspection_c
[0.948s] -- Using all available rosidl_typesupport_cpp: rosidl_typesupport_fastrtps_cpp;rosidl_typesupport_introspection_cpp
[1.051s] -- Found rmw_implementation_cmake: 7.3.3 (/opt/ros/jazzy/share/rmw_implementation_cmake/cmake)
[1.057s] -- Found rmw_fastrtps_cpp: 8.4.3 (/opt/ros/jazzy/share/rmw_fastrtps_cpp/cmake)
[1.174s] -- Found OpenSSL: /usr/lib/x86_64-linux-gnu/libcrypto.so (found version "3.0.13")  
[1.204s] -- Found FastRTPS: /opt/ros/jazzy/include (Required is at least version "2.13") 
[1.239s] -- Using RMW implementation 'rmw_fastrtps_cpp' as default
[1.550s] -- Found nav_msgs: 5.3.6 (/opt/ros/jazzy/share/nav_msgs/cmake)
[1.582s] -- Found sensor_msgs: 5.3.6 (/opt/ros/jazzy/share/sensor_msgs/cmake)
[1.612s] -- Found gz_math_vendor: 0.0.8 (/opt/ros/jazzy/share/gz_math_vendor/cmake)
[1.622s] -- Looking for gz-math7 -- found version 7.5.2
[1.630s] -- Searching for dependencies of gz-math7
[1.631s] -- Looking for gz-utils2 -- found version 2.2.1
[1.632s] -- Searching for dependencies of gz-utils2
[1.636s] -- Found gz_sim_vendor: 0.0.9 (/opt/ros/jazzy/share/gz_sim_vendor/cmake)
[1.686s] -- Looking for gz-sim8 -- found version 8.10.0
[1.686s] -- Searching for dependencies of gz-sim8
[1.688s] -- Looking for sdformat14 -- found version 14.8.0
[1.688s] -- Searching for dependencies of sdformat14
[1.694s] -- Checking for module 'tinyxml2'
[1.715s] --   Found tinyxml2, version 10.0.0
[1.762s] -- Looking for gz-math7 -- found version 7.5.2
[1.762s] -- Looking for gz-utils2 -- found version 2.2.1
[1.763s] -- Searching for dependencies of gz-utils2
[1.763s] -- Searching for <gz-utils2> component [cli]
[1.767s] -- Looking for gz-utils2-cli -- found version 2.2.1
[1.768s] -- Searching for dependencies of gz-utils2-cli
[1.773s] -- Looking for gz-plugin2 -- found version 2.0.4
[1.773s] -- Searching for dependencies of gz-plugin2
[1.773s] -- Looking for gz-utils2 -- found version 2.2.1
[1.774s] -- Searching for <gz-plugin2> component [loader]
[1.777s] -- Looking for gz-plugin2-loader -- found version 2.0.4
[1.777s] -- Searching for dependencies of gz-plugin2-loader
[1.777s] -- Searching for <gz-plugin2> component [register]
[1.781s] -- Looking for gz-plugin2-register -- found version 2.0.4
[1.781s] -- Searching for dependencies of gz-plugin2-register
[1.784s] -- Looking for gz-transport13 -- found version 13.5.0
[1.784s] -- Searching for dependencies of gz-transport13
[1.949s] -- Found Protobuf: /usr/lib/x86_64-linux-gnu/libprotobuf.so (found version "3.21.12") 
[1.967s] -- Config-file not installed for ZeroMQ -- checking for pkg-config
[1.973s] -- Checking for module 'libzmq >= 4'
[1.995s] --   Found libzmq, version 4.3.5
[2.051s] -- Found ZeroMQ: TRUE (Required is at least version "4") 
[2.060s] -- Checking for module 'uuid'
[2.082s] --   Found uuid, version 2.39.3
[2.130s] -- Found UUID: TRUE  
[2.130s] -- Looking for gz-utils2 -- found version 2.2.1
[2.134s] -- Looking for gz-msgs10 -- found version 10.3.2
[2.134s] -- Searching for dependencies of gz-msgs10
[2.160s] -- Looking for gz-utils2 -- found version 2.2.1
[2.160s] -- Looking for gz-math7 -- found version 7.5.2
[2.170s] -- Searching for <gz-transport13> component [log]
[2.174s] -- Looking for gz-transport13-log -- found version 13.5.0
[2.174s] -- Searching for dependencies of gz-transport13-log
[2.175s] -- Searching for <gz-transport13> component [parameters]
[2.178s] -- Looking for gz-transport13-parameters -- found version 13.5.0
[2.178s] -- Searching for dependencies of gz-transport13-parameters
[2.179s] -- Looking for gz-msgs10 -- found version 10.3.2
[2.183s] -- Looking for gz-common5 -- found version 5.7.1
[2.183s] -- Searching for dependencies of gz-common5
[2.183s] -- Looking for gz-utils2 -- found version 2.2.1
[2.184s] -- Looking for dlfcn.h - found
[2.186s] -- Looking for libdl - found
[2.188s] -- Found DL: TRUE  
[2.197s] -- Searching for <gz-common5> component [av]
[2.200s] -- Looking for gz-common5-av -- found version 5.7.1
[2.200s] -- Searching for dependencies of gz-common5-av
[2.207s] -- Checking for module 'libswscale'
[2.230s] --   Found libswscale, version 7.5.100
[2.279s] -- Found SWSCALE: TRUE  
[2.286s] -- Checking for module 'libavdevice >= 56.4.100'
[2.307s] --   Found libavdevice, version 60.3.100
[2.371s] -- Found AVDEVICE: TRUE (Required is at least version "56.4.100") 
[2.378s] -- Checking for module 'libavformat'
[2.400s] --   Found libavformat, version 60.16.100
[2.453s] -- Found AVFORMAT: TRUE  
[2.460s] -- Checking for module 'libavcodec'
[2.483s] --   Found libavcodec, version 60.31.102
[2.535s] -- Found AVCODEC: TRUE  
[2.542s] -- Checking for module 'libavutil'
[2.564s] --   Found libavutil, version 58.29.100
[2.613s] -- Found AVUTIL: TRUE  
[2.614s] -- Searching for <gz-common5> component [events]
[2.618s] -- Looking for gz-common5-events -- found version 5.7.1
[2.618s] -- Searching for dependencies of gz-common5-events
[2.619s] -- Looking for gz-math7 -- found version 7.5.2
[2.620s] -- Searching for <gz-common5> component [graphics]
[2.623s] -- Looking for gz-common5-graphics -- found version 5.7.1
[2.623s] -- Searching for dependencies of gz-common5-graphics
[2.624s] -- Looking for gz-math7 -- found version 7.5.2
[2.632s] -- Found GzAssimp: TRUE (found version "5.3.0") 
[2.632s] -- Searching for <gz-common5> component [io]
[2.636s] -- Looking for gz-common5-io -- found version 5.7.1
[2.636s] -- Searching for dependencies of gz-common5-io
[2.637s] -- Searching for <gz-common5> component [profiler]
[2.640s] -- Looking for gz-common5-profiler -- found version 5.7.1
[2.640s] -- Searching for dependencies of gz-common5-profiler
[2.644s] -- Looking for gz-fuel_tools9 -- found version 9.1.1
[2.644s] -- Searching for dependencies of gz-fuel_tools9
[2.758s] -- Found CURL: /usr/lib/x86_64-linux-gnu/libcurl.so (found version "8.5.0")  
[2.773s] -- Checking for module 'jsoncpp'
[2.795s] --   Found jsoncpp, version 1.9.5
[2.849s] -- Found JSONCPP: TRUE  
[2.872s] -- Checking for module 'yaml-0.1'
[2.894s] --   Found yaml-0.1, version 0.2.5
[2.943s] -- Found YAML: TRUE  
[2.950s] -- Checking for module 'libzip'
[2.972s] --   Found libzip, version 1.7.3
[3.020s] -- Found ZIP: TRUE  
[3.021s] -- Looking for gz-utils2 -- found version 2.2.1
[3.021s] -- Looking for gz-common5 -- found version 5.7.1
[3.021s] -- Searching for dependencies of gz-common5
[3.022s] -- Looking for gz-utils2 -- found version 2.2.1
[3.022s] -- Looking for dlfcn.h - found
[3.022s] -- Looking for libdl - found
[3.033s] -- Searching for <gz-common5> component [testing]
[3.037s] -- Looking for gz-common5-testing -- found version 5.7.1
[3.037s] -- Searching for dependencies of gz-common5-testing
[3.038s] -- Looking for gz-math7 -- found version 7.5.2
[3.039s] -- Looking for gz-msgs10 -- found version 10.3.2
[3.042s] -- Looking for gz-gui8 -- found version 8.4.0
[3.043s] -- Searching for dependencies of gz-gui8
[3.074s] -- Looking for gz-utils2 -- found version 2.2.1
[3.075s] -- Looking for gz-math7 -- found version 7.5.2
[3.076s] -- Looking for gz-common5 -- found version 5.7.1
[3.076s] -- Looking for gz-plugin2 -- found version 2.0.4
[3.077s] -- Looking for gz-transport13 -- found version 13.5.0
[3.080s] -- Looking for gz-rendering8 -- found version 8.2.3
[3.080s] -- Searching for dependencies of gz-rendering8
[3.081s] -- Looking for gz-math7 -- found version 7.5.2
[3.081s] -- Searching for dependencies of gz-math7
[3.082s] -- Looking for gz-utils2 -- found version 2.2.1
[3.082s] -- Searching for <gz-math7> component [eigen3]
[3.085s] -- Looking for gz-math7-eigen3 -- found version 7.5.2
[3.085s] -- Searching for dependencies of gz-math7-eigen3
[3.098s] -- Looking for gz-common5 -- found version 5.7.1
[3.098s] -- Searching for dependencies of gz-common5
[3.098s] -- Looking for gz-utils2 -- found version 2.2.1
[3.099s] -- Looking for dlfcn.h - found
[3.099s] -- Looking for libdl - found
[3.108s] -- Searching for <gz-common5> component [graphics]
[3.108s] -- Searching for <gz-common5> component [events]
[3.108s] -- Searching for <gz-common5> component [geospatial]
[3.111s] -- Looking for gz-common5-geospatial -- found version 5.7.1
[3.111s] -- Searching for dependencies of gz-common5-geospatial
[3.112s] -- Looking for gz-math7 -- found version 7.5.2
[3.112s] -- Looking for gz-common5 -- found version 5.7.1
[3.114s] -- Looking for gz-plugin2 -- found version 2.0.4
[3.114s] -- Searching for dependencies of gz-plugin2
[3.115s] -- Looking for gz-utils2 -- found version 2.2.1
[3.115s] -- Searching for <gz-plugin2> component [all]
[3.118s] -- Looking for all libraries of gz-plugin2 -- found version 2.0.4
[3.118s] -- Looking for gz-plugin2 -- found version 2.0.4
[3.120s] -- Looking for gz-utils2 -- found version 2.2.1
[3.139s] -- Found OpenGL: /usr/lib/x86_64-linux-gnu/libOpenGL.so  found components: OpenGL 
[3.141s] -- Looking for gz-msgs10 -- found version 10.3.2
[3.166s] -- Looking for gz-physics7 -- found version 7.6.0
[3.166s] -- Searching for dependencies of gz-physics7
[3.166s] -- Looking for gz-common5 -- found version 5.7.1
[3.167s] -- Looking for gz-math7 -- found version 7.5.2
[3.167s] -- Looking for gz-plugin2 -- found version 2.0.4
[3.168s] -- Looking for gz-utils2 -- found version 2.2.1
[3.169s] -- Searching for <gz-physics7> component [heightmap]
[3.171s] -- Looking for gz-physics7-heightmap -- found version 7.6.0
[3.171s] -- Searching for dependencies of gz-physics7-heightmap
[3.171s] -- Looking for gz-common5 -- found version 5.7.1
[3.172s] -- Searching for <gz-physics7> component [mesh]
[3.174s] -- Looking for gz-physics7-mesh -- found version 7.6.0
[3.174s] -- Searching for dependencies of gz-physics7-mesh
[3.175s] -- Looking for gz-common5 -- found version 5.7.1
[3.175s] -- Searching for <gz-physics7> component [sdf]
[3.177s] -- Looking for gz-physics7-sdf -- found version 7.6.0
[3.177s] -- Searching for dependencies of gz-physics7-sdf
[3.178s] -- Looking for sdformat14 -- found version 14.8.0
[3.182s] -- Looking for gz-sensors8 -- found version 8.2.2
[3.182s] -- Searching for dependencies of gz-sensors8
[3.207s] -- Looking for gz-math7 -- found version 7.5.2
[3.208s] -- Looking for gz-common5 -- found version 5.7.1
[3.208s] -- Looking for gz-transport13 -- found version 13.5.0
[3.209s] -- Looking for gz-rendering8 -- found version 8.2.3
[3.209s] -- Looking for gz-msgs10 -- found version 10.3.2
[3.210s] -- Looking for sdformat14 -- found version 14.8.0
[3.211s] -- Searching for <gz-sensors8> component [air_pressure]
[3.213s] -- Looking for gz-sensors8-air_pressure -- found version 8.2.2
[3.214s] -- Searching for dependencies of gz-sensors8-air_pressure
[3.214s] -- Searching for <gz-sensors8> component [air_speed]
[3.217s] -- Looking for gz-sensors8-air_speed -- found version 8.2.2
[3.217s] -- Searching for dependencies of gz-sensors8-air_speed
[3.218s] -- Searching for <gz-sensors8> component [altimeter]
[3.220s] -- Looking for gz-sensors8-altimeter -- found version 8.2.2
[3.221s] -- Searching for dependencies of gz-sensors8-altimeter
[3.221s] -- Searching for <gz-sensors8> component [imu]
[3.223s] -- Looking for gz-sensors8-imu -- found version 8.2.2
[3.223s] -- Searching for dependencies of gz-sensors8-imu
[3.224s] -- Searching for <gz-sensors8> component [force_torque]
[3.226s] -- Looking for gz-sensors8-force_torque -- found version 8.2.2
[3.226s] -- Searching for dependencies of gz-sensors8-force_torque
[3.226s] -- Searching for <gz-sensors8> component [logical_camera]
[3.228s] -- Looking for gz-sensors8-logical_camera -- found version 8.2.2
[3.228s] -- Searching for dependencies of gz-sensors8-logical_camera
[3.229s] -- Searching for <gz-sensors8> component [magnetometer]
[3.231s] -- Looking for gz-sensors8-magnetometer -- found version 8.2.2
[3.231s] -- Searching for dependencies of gz-sensors8-magnetometer
[3.231s] -- Searching for <gz-sensors8> component [navsat]
[3.233s] -- Looking for gz-sensors8-navsat -- found version 8.2.2
[3.233s] -- Searching for dependencies of gz-sensors8-navsat
[3.234s] -- Searching for <gz-sensors8> component [dvl]
[3.236s] -- Looking for gz-sensors8-dvl -- found version 8.2.2
[3.236s] -- Searching for dependencies of gz-sensors8-dvl
[3.237s] -- Looking for gz-sensors8 -- found version 8.2.2
[3.237s] -- Searching for dependencies of gz-sensors8
[3.262s] -- Looking for gz-math7 -- found version 7.5.2
[3.263s] -- Looking for gz-common5 -- found version 5.7.1
[3.263s] -- Looking for gz-transport13 -- found version 13.5.0
[3.264s] -- Looking for gz-rendering8 -- found version 8.2.3
[3.264s] -- Looking for gz-msgs10 -- found version 10.3.2
[3.265s] -- Looking for sdformat14 -- found version 14.8.0
[3.265s] -- Searching for <gz-sensors8> component [rendering]
[3.268s] -- Looking for gz-sensors8-rendering -- found version 8.2.2
[3.268s] -- Searching for dependencies of gz-sensors8-rendering
[3.269s] -- Searching for <gz-sensors8> component [rendering]
[3.270s] -- Searching for <gz-sensors8> component [lidar]
[3.272s] -- Looking for gz-sensors8-lidar -- found version 8.2.2
[3.272s] -- Searching for dependencies of gz-sensors8-lidar
[3.273s] -- Looking for gz-sensors8 -- found version 8.2.2
[3.274s] -- Searching for <gz-sensors8> component [gpu_lidar]
[3.276s] -- Looking for gz-sensors8-gpu_lidar -- found version 8.2.2
[3.276s] -- Searching for dependencies of gz-sensors8-gpu_lidar
[3.277s] -- Looking for gz-sensors8 -- found version 8.2.2
[3.277s] -- Searching for <gz-sensors8> component [camera]
[3.280s] -- Looking for gz-sensors8-camera -- found version 8.2.2
[3.280s] -- Searching for dependencies of gz-sensors8-camera
[3.280s] -- Looking for gz-sensors8 -- found version 8.2.2
[3.281s] -- Searching for <gz-sensors8> component [boundingbox_camera]
[3.284s] -- Looking for gz-sensors8-boundingbox_camera -- found version 8.2.2
[3.284s] -- Searching for dependencies of gz-sensors8-boundingbox_camera
[3.284s] -- Searching for <gz-sensors8> component [segmentation_camera]
[3.287s] -- Looking for gz-sensors8-segmentation_camera -- found version 8.2.2
[3.287s] -- Searching for dependencies of gz-sensors8-segmentation_camera
[3.287s] -- Searching for <gz-sensors8> component [depth_camera]
[3.290s] -- Looking for gz-sensors8-depth_camera -- found version 8.2.2
[3.290s] -- Searching for dependencies of gz-sensors8-depth_camera
[3.290s] -- Looking for gz-sensors8 -- found version 8.2.2
[3.291s] -- Searching for <gz-sensors8> component [rgbd_camera]
[3.293s] -- Looking for gz-sensors8-rgbd_camera -- found version 8.2.2
[3.293s] -- Searching for dependencies of gz-sensors8-rgbd_camera
[3.293s] -- Looking for gz-sensors8 -- found version 8.2.2
[3.294s] -- Searching for <gz-sensors8> component [thermal_camera]
[3.296s] -- Looking for gz-sensors8-thermal_camera -- found version 8.2.2
[3.296s] -- Searching for dependencies of gz-sensors8-thermal_camera
[3.296s] -- Looking for gz-sensors8 -- found version 8.2.2
[3.297s] -- Searching for <gz-sensors8> component [wide_angle_camera]
[3.299s] -- Looking for gz-sensors8-wide_angle_camera -- found version 8.2.2
[3.299s] -- Searching for dependencies of gz-sensors8-wide_angle_camera
[3.300s] -- Looking for gz-rendering8 -- found version 8.2.3
[3.300s] -- Looking for gz-math7 -- found version 7.5.2
[3.301s] -- Looking for gz-utils2 -- found version 2.2.1
[3.327s] -- Looking for gz-plugin2 -- found version 2.0.4
[3.432s] -- Configuring done (3.4s)
[3.471s] -- Generating done (0.0s)
[3.481s] -- Build files have been written to: /home/grey/Documentos/GitHub/proy-fireye-ros2/src/build/fireye_world
[3.499s] Invoked command in '/home/grey/Documentos/GitHub/proy-fireye-ros2/src/build/fireye_world' returned '0': CMAKE_PREFIX_PATH=${CMAKE_PREFIX_PATH}:/home/grey/turtlebot3_ws/install/show_msg:/home/grey/turtlebot3_ws/install/my_first_subscriber:/home/grey/turtlebot3_ws/install/my_first_service:/home/grey/turtlebot3_ws/install/my_first_publisher:/home/grey/turtlebot3_ws/install/my_first_node:/home/grey/turtlebot3_ws/install/my_first_action:/opt/ros/jazzy DEBUGINFOD_URLS=https://debuginfod.ubuntu.com /usr/bin/cmake /home/grey/Documentos/GitHub/proy-fireye-ros2/src/proy-fireye_world -DCMAKE_INSTALL_PREFIX=/home/grey/Documentos/GitHub/proy-fireye-ros2/src/install/fireye_world
[3.500s] Invoking command in '/home/grey/Documentos/GitHub/proy-fireye-ros2/src/build/fireye_world': CMAKE_PREFIX_PATH=${CMAKE_PREFIX_PATH}:/home/grey/turtlebot3_ws/install/show_msg:/home/grey/turtlebot3_ws/install/my_first_subscriber:/home/grey/turtlebot3_ws/install/my_first_service:/home/grey/turtlebot3_ws/install/my_first_publisher:/home/grey/turtlebot3_ws/install/my_first_node:/home/grey/turtlebot3_ws/install/my_first_action:/opt/ros/jazzy DEBUGINFOD_URLS=https://debuginfod.ubuntu.com /usr/bin/cmake --build /home/grey/Documentos/GitHub/proy-fireye-ros2/src/build/fireye_world -- -j22 -l22
[3.581s] [ 12%] [32mBuilding CXX object CMakeFiles/turtlebot3_drive.dir/src/turtlebot3_drive.cpp.o[0m
[3.581s] [ 25%] [32mBuilding CXX object CMakeFiles/obstacles.dir/src/obstacles.cpp.o[0m
[3.582s] [ 37%] [32mBuilding CXX object CMakeFiles/obstacle1.dir/src/obstacle1.cpp.o[0m
[3.582s] [ 50%] [32mBuilding CXX object CMakeFiles/obstacle2.dir/src/obstacle2.cpp.o[0m
[5.519s] [ 62%] [32m[1mLinking CXX shared library libobstacle2.so[0m
[5.554s] [ 75%] [32m[1mLinking CXX shared library libobstacle1.so[0m
[5.708s] [ 75%] Built target obstacle2
[5.751s] [ 75%] Built target obstacle1
[5.916s] [ 87%] [32m[1mLinking CXX shared library libobstacles.so[0m
[6.100s] [ 87%] Built target obstacles
[12.368s] [100%] [32m[1mLinking CXX executable turtlebot3_drive[0m
[12.729s] [100%] Built target turtlebot3_drive
[12.745s] Invoked command in '/home/grey/Documentos/GitHub/proy-fireye-ros2/src/build/fireye_world' returned '0': CMAKE_PREFIX_PATH=${CMAKE_PREFIX_PATH}:/home/grey/turtlebot3_ws/install/show_msg:/home/grey/turtlebot3_ws/install/my_first_subscriber:/home/grey/turtlebot3_ws/install/my_first_service:/home/grey/turtlebot3_ws/install/my_first_publisher:/home/grey/turtlebot3_ws/install/my_first_node:/home/grey/turtlebot3_ws/install/my_first_action:/opt/ros/jazzy DEBUGINFOD_URLS=https://debuginfod.ubuntu.com /usr/bin/cmake --build /home/grey/Documentos/GitHub/proy-fireye-ros2/src/build/fireye_world -- -j22 -l22
[12.748s] Invoking command in '/home/grey/Documentos/GitHub/proy-fireye-ros2/src/build/fireye_world': CMAKE_PREFIX_PATH=${CMAKE_PREFIX_PATH}:/home/grey/turtlebot3_ws/install/show_msg:/home/grey/turtlebot3_ws/install/my_first_subscriber:/home/grey/turtlebot3_ws/install/my_first_service:/home/grey/turtlebot3_ws/install/my_first_publisher:/home/grey/turtlebot3_ws/install/my_first_node:/home/grey/turtlebot3_ws/install/my_first_action:/opt/ros/jazzy DEBUGINFOD_URLS=https://debuginfod.ubuntu.com /usr/bin/cmake --install /home/grey/Documentos/GitHub/proy-fireye-ros2/src/build/fireye_world
[12.759s] -- Install configuration: ""
[12.759s] -- Installing: /home/grey/Documentos/GitHub/proy-fireye-ros2/src/install/fireye_world/lib/fireye_world/turtlebot3_drive
[12.765s] -- Set non-toolchain portion of runtime path of "/home/grey/Documentos/GitHub/proy-fireye-ros2/src/install/fireye_world/lib/fireye_world/turtlebot3_drive" to ""
[12.765s] -- Installing: /home/grey/Documentos/GitHub/proy-fireye-ros2/src/install/fireye_world/lib/fireye_world/libobstacles.so
[12.766s] -- Set non-toolchain portion of runtime path of "/home/grey/Documentos/GitHub/proy-fireye-ros2/src/install/fireye_world/lib/fireye_world/libobstacles.so" to ""
[12.766s] -- Installing: /home/grey/Documentos/GitHub/proy-fireye-ros2/src/install/fireye_world/lib/fireye_world/libobstacle1.so
[12.766s] -- Set non-toolchain portion of runtime path of "/home/grey/Documentos/GitHub/proy-fireye-ros2/src/install/fireye_world/lib/fireye_world/libobstacle1.so" to ""
[12.767s] -- Installing: /home/grey/Documentos/GitHub/proy-fireye-ros2/src/install/fireye_world/lib/fireye_world/libobstacle2.so
[12.767s] -- Set non-toolchain portion of runtime path of "/home/grey/Documentos/GitHub/proy-fireye-ros2/src/install/fireye_world/lib/fireye_world/libobstacle2.so" to ""
[12.768s] -- Installing: /home/grey/Documentos/GitHub/proy-fireye-ros2/src/install/fireye_world/share/fireye_world//launch
[12.768s] -- Installing: /home/grey/Documentos/GitHub/proy-fireye-ros2/src/install/fireye_world/share/fireye_world//launch/spawn_turtlebot3.launch.py
[12.768s] -- Installing: /home/grey/Documentos/GitHub/proy-fireye-ros2/src/install/fireye_world/share/fireye_world//launch/robot_state_publisher.launch.pyZone.Identifier
[12.768s] -- Installing: /home/grey/Documentos/GitHub/proy-fireye-ros2/src/install/fireye_world/share/fireye_world//launch/robot_state_publisher.launch.py
[12.768s] -- Installing: /home/grey/Documentos/GitHub/proy-fireye-ros2/src/install/fireye_world/share/fireye_world//launch/fireye_world.launch.py
[12.768s] -- Installing: /home/grey/Documentos/GitHub/proy-fireye-ros2/src/install/fireye_world/share/fireye_world//launch/spawn_turtlebot3.launch.pyZone.Identifier
[12.768s] -- Installing: /home/grey/Documentos/GitHub/proy-fireye-ros2/src/install/fireye_world/share/fireye_world//models
[12.768s] -- Installing: /home/grey/Documentos/GitHub/proy-fireye-ros2/src/install/fireye_world/share/fireye_world//models/cafe
[12.768s] -- Installing: /home/grey/Documentos/GitHub/proy-fireye-ros2/src/install/fireye_world/share/fireye_world//models/cafe/meshes
[12.768s] -- Installing: /home/grey/Documentos/GitHub/proy-fireye-ros2/src/install/fireye_world/share/fireye_world//models/cafe/meshes/cafe.dae
[12.769s] -- Installing: /home/grey/Documentos/GitHub/proy-fireye-ros2/src/install/fireye_world/share/fireye_world//models/cafe/model.sdf
[12.769s] -- Installing: /home/grey/Documentos/GitHub/proy-fireye-ros2/src/install/fireye_world/share/fireye_world//models/cafe/materials
[12.769s] -- Installing: /home/grey/Documentos/GitHub/proy-fireye-ros2/src/install/fireye_world/share/fireye_world//models/cafe/materials/textures
[12.769s] -- Installing: /home/grey/Documentos/GitHub/proy-fireye-ros2/src/install/fireye_world/share/fireye_world//models/cafe/materials/textures/__auto_25.jpg
[12.769s] -- Installing: /home/grey/Documentos/GitHub/proy-fireye-ros2/src/install/fireye_world/share/fireye_world//models/cafe/materials/textures/__auto_28.jpg
[12.769s] -- Installing: /home/grey/Documentos/GitHub/proy-fireye-ros2/src/install/fireye_world/share/fireye_world//models/cafe/materials/textures/__auto_23.jpg
[12.770s] -- Installing: /home/grey/Documentos/GitHub/proy-fireye-ros2/src/install/fireye_world/share/fireye_world//models/cafe/materials/textures/__auto_10.jpg
[12.770s] -- Installing: /home/grey/Documentos/GitHub/proy-fireye-ros2/src/install/fireye_world/share/fireye_world//models/cafe/materials/textures/__auto_31.jpg
[12.770s] -- Installing: /home/grey/Documentos/GitHub/proy-fireye-ros2/src/install/fireye_world/share/fireye_world//models/cafe/materials/textures/__auto_26.jpg
[12.770s] -- Installing: /home/grey/Documentos/GitHub/proy-fireye-ros2/src/install/fireye_world/share/fireye_world//models/cafe/materials/textures/__auto_2.jpg
[12.770s] -- Installing: /home/grey/Documentos/GitHub/proy-fireye-ros2/src/install/fireye_world/share/fireye_world//models/cafe/materials/textures/__auto_34.jpg
[12.770s] -- Installing: /home/grey/Documentos/GitHub/proy-fireye-ros2/src/install/fireye_world/share/fireye_world//models/cafe/materials/textures/__auto_37.jpg
[12.770s] -- Installing: /home/grey/Documentos/GitHub/proy-fireye-ros2/src/install/fireye_world/share/fireye_world//models/cafe/materials/textures/__auto_35.jpg
[12.770s] -- Installing: /home/grey/Documentos/GitHub/proy-fireye-ros2/src/install/fireye_world/share/fireye_world//models/cafe/materials/textures/__auto_30.jpg
[12.770s] -- Installing: /home/grey/Documentos/GitHub/proy-fireye-ros2/src/install/fireye_world/share/fireye_world//models/cafe/materials/textures/__auto_21.jpg
[12.770s] -- Installing: /home/grey/Documentos/GitHub/proy-fireye-ros2/src/install/fireye_world/share/fireye_world//models/cafe/materials/textures/__auto_22.jpg
[12.770s] -- Installing: /home/grey/Documentos/GitHub/proy-fireye-ros2/src/install/fireye_world/share/fireye_world//models/cafe/materials/textures/__auto_24.jpg
[12.771s] -- Installing: /home/grey/Documentos/GitHub/proy-fireye-ros2/src/install/fireye_world/share/fireye_world//models/cafe/materials/textures/__auto_29.jpg
[12.771s] -- Installing: /home/grey/Documentos/GitHub/proy-fireye-ros2/src/install/fireye_world/share/fireye_world//models/cafe/model.config
[12.771s] -- Installing: /home/grey/Documentos/GitHub/proy-fireye-ros2/src/install/fireye_world/share/fireye_world//models/small_house
[12.771s] -- Installing: /home/grey/Documentos/GitHub/proy-fireye-ros2/src/install/fireye_world/share/fireye_world//models/small_house/model.sdf
[12.771s] -- Installing: /home/grey/Documentos/GitHub/proy-fireye-ros2/src/install/fireye_world/share/fireye_world//models/small_house/model.config
[12.771s] -- Installing: /home/grey/Documentos/GitHub/proy-fireye-ros2/src/install/fireye_world/share/fireye_world//models/turtlebot3_common
[12.771s] -- Installing: /home/grey/Documentos/GitHub/proy-fireye-ros2/src/install/fireye_world/share/fireye_world//models/turtlebot3_common/model.configZone.Identifier
[12.771s] -- Installing: /home/grey/Documentos/GitHub/proy-fireye-ros2/src/install/fireye_world/share/fireye_world//models/turtlebot3_common/meshes
[12.771s] -- Installing: /home/grey/Documentos/GitHub/proy-fireye-ros2/src/install/fireye_world/share/fireye_world//models/turtlebot3_common/meshes/r200.dae
[12.771s] -- Installing: /home/grey/Documentos/GitHub/proy-fireye-ros2/src/install/fireye_world/share/fireye_world//models/turtlebot3_common/meshes/wheels
[12.771s] -- Installing: /home/grey/Documentos/GitHub/proy-fireye-ros2/src/install/fireye_world/share/fireye_world//models/turtlebot3_common/meshes/wheels/right_tire.stl
[12.772s] -- Installing: /home/grey/Documentos/GitHub/proy-fireye-ros2/src/install/fireye_world/share/fireye_world//models/turtlebot3_common/meshes/wheels/right_tire.stlZone.Identifier
[12.772s] -- Installing: /home/grey/Documentos/GitHub/proy-fireye-ros2/src/install/fireye_world/share/fireye_world//models/turtlebot3_common/meshes/wheels/left_tire.stl
[12.773s] -- Installing: /home/grey/Documentos/GitHub/proy-fireye-ros2/src/install/fireye_world/share/fireye_world//models/turtlebot3_common/meshes/wheels/left_tire.stlZone.Identifier
[12.773s] -- Installing: /home/grey/Documentos/GitHub/proy-fireye-ros2/src/install/fireye_world/share/fireye_world//models/turtlebot3_common/meshes/sensors
[12.773s] -- Installing: /home/grey/Documentos/GitHub/proy-fireye-ros2/src/install/fireye_world/share/fireye_world//models/turtlebot3_common/meshes/sensors/r200.dae
[12.773s] -- Installing: /home/grey/Documentos/GitHub/proy-fireye-ros2/src/install/fireye_world/share/fireye_world//models/turtlebot3_common/meshes/sensors/astra.dae
[12.779s] -- Installing: /home/grey/Documentos/GitHub/proy-fireye-ros2/src/install/fireye_world/share/fireye_world//models/turtlebot3_common/meshes/sensors/lds.stl
[12.780s] -- Installing: /home/grey/Documentos/GitHub/proy-fireye-ros2/src/install/fireye_world/share/fireye_world//models/turtlebot3_common/meshes/sensors/astra.jpg
[12.780s] -- Installing: /home/grey/Documentos/GitHub/proy-fireye-ros2/src/install/fireye_world/share/fireye_world//models/turtlebot3_common/meshes/sensors/astra.jpgZone.Identifier
[12.780s] -- Installing: /home/grey/Documentos/GitHub/proy-fireye-ros2/src/install/fireye_world/share/fireye_world//models/turtlebot3_common/meshes/sensors/r200.daeZone.Identifier
[12.780s] -- Installing: /home/grey/Documentos/GitHub/proy-fireye-ros2/src/install/fireye_world/share/fireye_world//models/turtlebot3_common/meshes/sensors/r200.jpgZone.Identifier
[12.781s] -- Installing: /home/grey/Documentos/GitHub/proy-fireye-ros2/src/install/fireye_world/share/fireye_world//models/turtlebot3_common/meshes/sensors/r200.jpg
[12.781s] -- Installing: /home/grey/Documentos/GitHub/proy-fireye-ros2/src/install/fireye_world/share/fireye_world//models/turtlebot3_common/meshes/sensors/astra.daeZone.Identifier
[12.781s] -- Installing: /home/grey/Documentos/GitHub/proy-fireye-ros2/src/install/fireye_world/share/fireye_world//models/turtlebot3_common/meshes/sensors/lds.stlZone.Identifier
[12.781s] -- Installing: /home/grey/Documentos/GitHub/proy-fireye-ros2/src/install/fireye_world/share/fireye_world//models/turtlebot3_common/meshes/waffle_base.daeZone.Identifier
[12.781s] -- Installing: /home/grey/Documentos/GitHub/proy-fireye-ros2/src/install/fireye_world/share/fireye_world//models/turtlebot3_common/meshes/burger_base.daeZone.Identifier
[12.781s] -- Installing: /home/grey/Documentos/GitHub/proy-fireye-ros2/src/install/fireye_world/share/fireye_world//models/turtlebot3_common/meshes/burger_base.dae
[12.781s] -- Installing: /home/grey/Documentos/GitHub/proy-fireye-ros2/src/install/fireye_world/share/fireye_world//models/turtlebot3_common/meshes/r200.daeZone.Identifier
[12.781s] -- Installing: /home/grey/Documentos/GitHub/proy-fireye-ros2/src/install/fireye_world/share/fireye_world//models/turtlebot3_common/meshes/tire.daeZone.Identifier
[12.782s] -- Installing: /home/grey/Documentos/GitHub/proy-fireye-ros2/src/install/fireye_world/share/fireye_world//models/turtlebot3_common/meshes/bases
[12.782s] -- Installing: /home/grey/Documentos/GitHub/proy-fireye-ros2/src/install/fireye_world/share/fireye_world//models/turtlebot3_common/meshes/bases/waffle_pi_base.stlZone.Identifier
[12.782s] -- Installing: /home/grey/Documentos/GitHub/proy-fireye-ros2/src/install/fireye_world/share/fireye_world//models/turtlebot3_common/meshes/bases/waffle_base.stlZone.Identifier
[12.782s] -- Installing: /home/grey/Documentos/GitHub/proy-fireye-ros2/src/install/fireye_world/share/fireye_world//models/turtlebot3_common/meshes/bases/waffle_base.stl
[12.791s] -- Installing: /home/grey/Documentos/GitHub/proy-fireye-ros2/src/install/fireye_world/share/fireye_world//models/turtlebot3_common/meshes/bases/waffle_pi_base.stl
[12.795s] -- Installing: /home/grey/Documentos/GitHub/proy-fireye-ros2/src/install/fireye_world/share/fireye_world//models/turtlebot3_common/meshes/bases/burger_base.stl
[12.797s] -- Installing: /home/grey/Documentos/GitHub/proy-fireye-ros2/src/install/fireye_world/share/fireye_world//models/turtlebot3_common/meshes/bases/burger_base.stlZone.Identifier
[12.797s] -- Installing: /home/grey/Documentos/GitHub/proy-fireye-ros2/src/install/fireye_world/share/fireye_world//models/turtlebot3_common/meshes/waffle_base.dae
[12.797s] -- Installing: /home/grey/Documentos/GitHub/proy-fireye-ros2/src/install/fireye_world/share/fireye_world//models/turtlebot3_common/meshes/lds.dae
[12.798s] -- Installing: /home/grey/Documentos/GitHub/proy-fireye-ros2/src/install/fireye_world/share/fireye_world//models/turtlebot3_common/meshes/lds.daeZone.Identifier
[12.798s] -- Installing: /home/grey/Documentos/GitHub/proy-fireye-ros2/src/install/fireye_world/share/fireye_world//models/turtlebot3_common/meshes/waffle_pi_base.dae
[12.798s] -- Installing: /home/grey/Documentos/GitHub/proy-fireye-ros2/src/install/fireye_world/share/fireye_world//models/turtlebot3_common/meshes/waffle_pi_base.daeZone.Identifier
[12.798s] -- Installing: /home/grey/Documentos/GitHub/proy-fireye-ros2/src/install/fireye_world/share/fireye_world//models/turtlebot3_common/meshes/tire.dae
[12.798s] -- Installing: /home/grey/Documentos/GitHub/proy-fireye-ros2/src/install/fireye_world/share/fireye_world//models/turtlebot3_common/model.config
[12.798s] -- Installing: /home/grey/Documentos/GitHub/proy-fireye-ros2/src/install/fireye_world/share/fireye_world//models/turtlebot3_burger
[12.798s] -- Installing: /home/grey/Documentos/GitHub/proy-fireye-ros2/src/install/fireye_world/share/fireye_world//models/turtlebot3_burger/model.configZone.Identifier
[12.799s] -- Installing: /home/grey/Documentos/GitHub/proy-fireye-ros2/src/install/fireye_world/share/fireye_world//models/turtlebot3_burger/model.sdfZone.Identifier
[12.799s] -- Installing: /home/grey/Documentos/GitHub/proy-fireye-ros2/src/install/fireye_world/share/fireye_world//models/turtlebot3_burger/model.sdf
[12.799s] -- Installing: /home/grey/Documentos/GitHub/proy-fireye-ros2/src/install/fireye_world/share/fireye_world//models/turtlebot3_burger/model-1_4.sdf
[12.799s] -- Installing: /home/grey/Documentos/GitHub/proy-fireye-ros2/src/install/fireye_world/share/fireye_world//models/turtlebot3_burger/model.config
[12.799s] -- Installing: /home/grey/Documentos/GitHub/proy-fireye-ros2/src/install/fireye_world/share/fireye_world//models/turtlebot3_burger/model-1_4.sdfZone.Identifier
[12.799s] -- Installing: /home/grey/Documentos/GitHub/proy-fireye-ros2/src/install/fireye_world/share/fireye_world//models/turtlebot3_burger_cam
[12.799s] -- Installing: /home/grey/Documentos/GitHub/proy-fireye-ros2/src/install/fireye_world/share/fireye_world//models/turtlebot3_burger_cam/model.configZone.Identifier
[12.799s] -- Installing: /home/grey/Documentos/GitHub/proy-fireye-ros2/src/install/fireye_world/share/fireye_world//models/turtlebot3_burger_cam/model.sdfZone.Identifier
[12.799s] -- Installing: /home/grey/Documentos/GitHub/proy-fireye-ros2/src/install/fireye_world/share/fireye_world//models/turtlebot3_burger_cam/model.sdf
[12.799s] -- Installing: /home/grey/Documentos/GitHub/proy-fireye-ros2/src/install/fireye_world/share/fireye_world//models/turtlebot3_burger_cam/model-1_4.sdf
[12.800s] -- Installing: /home/grey/Documentos/GitHub/proy-fireye-ros2/src/install/fireye_world/share/fireye_world//models/turtlebot3_burger_cam/model.config
[12.800s] -- Installing: /home/grey/Documentos/GitHub/proy-fireye-ros2/src/install/fireye_world/share/fireye_world//models/turtlebot3_burger_cam/model-1_4.sdfZone.Identifier
[12.800s] -- Installing: /home/grey/Documentos/GitHub/proy-fireye-ros2/src/install/fireye_world/share/fireye_world//params
[12.800s] -- Installing: /home/grey/Documentos/GitHub/proy-fireye-ros2/src/install/fireye_world/share/fireye_world//params/turtlebot3_burger_bridge.yamlZone.Identifier
[12.800s] -- Installing: /home/grey/Documentos/GitHub/proy-fireye-ros2/src/install/fireye_world/share/fireye_world//params/turtlebot3_burger_bridge.yaml
[12.800s] -- Installing: /home/grey/Documentos/GitHub/proy-fireye-ros2/src/install/fireye_world/share/fireye_world//params/turtlebot3_burger_cam_bridge.yamlZone.Identifier
[12.800s] -- Installing: /home/grey/Documentos/GitHub/proy-fireye-ros2/src/install/fireye_world/share/fireye_world//params/turtlebot3_burger_cam_bridge.yaml
[12.800s] -- Installing: /home/grey/Documentos/GitHub/proy-fireye-ros2/src/install/fireye_world/share/fireye_world//rviz
[12.800s] -- Installing: /home/grey/Documentos/GitHub/proy-fireye-ros2/src/install/fireye_world/share/fireye_world//rviz/turtlebot3_burger.urdf
[12.800s] -- Installing: /home/grey/Documentos/GitHub/proy-fireye-ros2/src/install/fireye_world/share/fireye_world//rviz/turtlebot3_burger.urdfZone.Identifier
[12.801s] -- Installing: /home/grey/Documentos/GitHub/proy-fireye-ros2/src/install/fireye_world/share/fireye_world//urdf
[12.801s] -- Installing: /home/grey/Documentos/GitHub/proy-fireye-ros2/src/install/fireye_world/share/fireye_world//urdf/turtlebot3_burger_cam.urdf
[12.801s] -- Installing: /home/grey/Documentos/GitHub/proy-fireye-ros2/src/install/fireye_world/share/fireye_world//urdf/common_properties.urdfZone.Identifier
[12.801s] -- Installing: /home/grey/Documentos/GitHub/proy-fireye-ros2/src/install/fireye_world/share/fireye_world//urdf/common_properties.urdf
[12.801s] -- Installing: /home/grey/Documentos/GitHub/proy-fireye-ros2/src/install/fireye_world/share/fireye_world//urdf/turtlebot3_burger_cam.urdfZone.Identifier
[12.801s] -- Installing: /home/grey/Documentos/GitHub/proy-fireye-ros2/src/install/fireye_world/share/fireye_world//urdf/turtlebot3_burger.urdf
[12.801s] -- Installing: /home/grey/Documentos/GitHub/proy-fireye-ros2/src/install/fireye_world/share/fireye_world//urdf/turtlebot3_burger.urdfZone.Identifier
[12.801s] -- Installing: /home/grey/Documentos/GitHub/proy-fireye-ros2/src/install/fireye_world/share/fireye_world//worlds
[12.801s] -- Installing: /home/grey/Documentos/GitHub/proy-fireye-ros2/src/install/fireye_world/share/fireye_world//worlds/my_world.world
[12.801s] -- Installing: /home/grey/Documentos/GitHub/proy-fireye-ros2/src/install/fireye_world/share/fireye_world//worlds/turtlebot3_world.worldZone.Identifier
[12.801s] -- Installing: /home/grey/Documentos/GitHub/proy-fireye-ros2/src/install/fireye_world/share/fireye_world//worlds/harmonic.sdf
[12.802s] -- Installing: /home/grey/Documentos/GitHub/proy-fireye-ros2/src/install/fireye_world/include/
[12.802s] -- Installing: /home/grey/Documentos/GitHub/proy-fireye-ros2/src/install/fireye_world/include//obstacle2.hppZone.Identifier
[12.802s] -- Installing: /home/grey/Documentos/GitHub/proy-fireye-ros2/src/install/fireye_world/include//turtlebot3_drive.hpp
[12.802s] -- Installing: /home/grey/Documentos/GitHub/proy-fireye-ros2/src/install/fireye_world/include//obstacles.hpp
[12.802s] -- Installing: /home/grey/Documentos/GitHub/proy-fireye-ros2/src/install/fireye_world/include//traffic_bar_plugin.hpp
[12.802s] -- Installing: /home/grey/Documentos/GitHub/proy-fireye-ros2/src/install/fireye_world/include//traffic_bar_plugin.hppZone.Identifier
[12.802s] -- Installing: /home/grey/Documentos/GitHub/proy-fireye-ros2/src/install/fireye_world/include//turtlebot3_drive.hppZone.Identifier
[12.802s] -- Installing: /home/grey/Documentos/GitHub/proy-fireye-ros2/src/install/fireye_world/include//fireye_world
[12.802s] -- Installing: /home/grey/Documentos/GitHub/proy-fireye-ros2/src/install/fireye_world/include//obstacles.hppZone.Identifier
[12.802s] -- Installing: /home/grey/Documentos/GitHub/proy-fireye-ros2/src/install/fireye_world/include//traffic_light_plugin.hpp
[12.802s] -- Installing: /home/grey/Documentos/GitHub/proy-fireye-ros2/src/install/fireye_world/include//obstacle2.hpp
[12.802s] -- Installing: /home/grey/Documentos/GitHub/proy-fireye-ros2/src/install/fireye_world/include//obstacle1.hppZone.Identifier
[12.803s] -- Installing: /home/grey/Documentos/GitHub/proy-fireye-ros2/src/install/fireye_world/include//obstacle1.hpp
[12.803s] -- Installing: /home/grey/Documentos/GitHub/proy-fireye-ros2/src/install/fireye_world/include//traffic_light_plugin.hppZone.Identifier
[12.803s] -- Installing: /home/grey/Documentos/GitHub/proy-fireye-ros2/src/install/fireye_world/share/ament_index/resource_index/package_run_dependencies/fireye_world
[12.803s] -- Installing: /home/grey/Documentos/GitHub/proy-fireye-ros2/src/install/fireye_world/share/ament_index/resource_index/parent_prefix_path/fireye_world
[12.803s] -- Installing: /home/grey/Documentos/GitHub/proy-fireye-ros2/src/install/fireye_world/share/fireye_world/environment/ament_prefix_path.sh
[12.803s] -- Installing: /home/grey/Documentos/GitHub/proy-fireye-ros2/src/install/fireye_world/share/fireye_world/environment/ament_prefix_path.dsv
[12.803s] -- Installing: /home/grey/Documentos/GitHub/proy-fireye-ros2/src/install/fireye_world/share/fireye_world/environment/path.sh
[12.803s] -- Installing: /home/grey/Documentos/GitHub/proy-fireye-ros2/src/install/fireye_world/share/fireye_world/environment/path.dsv
[12.803s] -- Installing: /home/grey/Documentos/GitHub/proy-fireye-ros2/src/install/fireye_world/share/fireye_world/local_setup.bash
[12.803s] -- Installing: /home/grey/Documentos/GitHub/proy-fireye-ros2/src/install/fireye_world/share/fireye_world/local_setup.sh
[12.803s] -- Installing: /home/grey/Documentos/GitHub/proy-fireye-ros2/src/install/fireye_world/share/fireye_world/local_setup.zsh
[12.803s] -- Installing: /home/grey/Documentos/GitHub/proy-fireye-ros2/src/install/fireye_world/share/fireye_world/local_setup.dsv
[12.803s] -- Installing: /home/grey/Documentos/GitHub/proy-fireye-ros2/src/install/fireye_world/share/fireye_world/package.dsv
[12.803s] -- Installing: /home/grey/Documentos/GitHub/proy-fireye-ros2/src/install/fireye_world/share/ament_index/resource_index/packages/fireye_world
[12.803s] -- Installing: /home/grey/Documentos/GitHub/proy-fireye-ros2/src/install/fireye_world/share/fireye_world/cmake/ament_cmake_export_include_directories-extras.cmake
[12.804s] -- Installing: /home/grey/Documentos/GitHub/proy-fireye-ros2/src/install/fireye_world/share/fireye_world/cmake/ament_cmake_export_dependencies-extras.cmake
[12.804s] -- Installing: /home/grey/Documentos/GitHub/proy-fireye-ros2/src/install/fireye_world/share/fireye_world/cmake/fireye_worldConfig.cmake
[12.804s] -- Installing: /home/grey/Documentos/GitHub/proy-fireye-ros2/src/install/fireye_world/share/fireye_world/cmake/fireye_worldConfig-version.cmake
[12.804s] -- Installing: /home/grey/Documentos/GitHub/proy-fireye-ros2/src/install/fireye_world/share/fireye_world/package.xml
[12.805s] Invoked command in '/home/grey/Documentos/GitHub/proy-fireye-ros2/src/build/fireye_world' returned '0': CMAKE_PREFIX_PATH=${CMAKE_PREFIX_PATH}:/home/grey/turtlebot3_ws/install/show_msg:/home/grey/turtlebot3_ws/install/my_first_subscriber:/home/grey/turtlebot3_ws/install/my_first_service:/home/grey/turtlebot3_ws/install/my_first_publisher:/home/grey/turtlebot3_ws/install/my_first_node:/home/grey/turtlebot3_ws/install/my_first_action:/opt/ros/jazzy DEBUGINFOD_URLS=https://debuginfod.ubuntu.com /usr/bin/cmake --install /home/grey/Documentos/GitHub/proy-fireye-ros2/src/build/fireye_world
