[ 25%] Built target obstacles
[ 75%] Built target obstacle2
[ 75%] Built target obstacle1
[100%] Built target turtlebot3_drive
-- Install configuration: ""
-- Up-to-date: /home/grey/Documentos/GitHub/Proyecto-Robotica-Fireye/fireye/ros2_ws/install/fireye_world/lib/fireye_world/turtlebot3_drive
-- Up-to-date: /home/grey/Documentos/GitHub/Proyecto-Robotica-Fireye/fireye/ros2_ws/install/fireye_world/lib/fireye_world/libobstacles.so
-- Up-to-date: /home/grey/Documentos/GitHub/Proyecto-Robotica-Fireye/fireye/ros2_ws/install/fireye_world/lib/fireye_world/libobstacle1.so
-- Up-to-date: /home/grey/Documentos/GitHub/Proyecto-Robotica-Fireye/fireye/ros2_ws/install/fireye_world/lib/fireye_world/libobstacle2.so
-- Up-to-date: /home/grey/Documentos/GitHub/Proyecto-Robotica-Fireye/fireye/ros2_ws/install/fireye_world/share/fireye_world//launch
-- Up-to-date: /home/grey/Documentos/GitHub/Proyecto-Robotica-Fireye/fireye/ros2_ws/install/fireye_world/share/fireye_world//launch/spawn_turtlebot3.launch.py
-- Up-to-date: /home/grey/Documentos/GitHub/Proyecto-Robotica-Fireye/fireye/ros2_ws/install/fireye_world/share/fireye_world//launch/robot_state_publisher.launch.pyZone.Identifier
-- Up-to-date: /home/grey/Documentos/GitHub/Proyecto-Robotica-Fireye/fireye/ros2_ws/install/fireye_world/share/fireye_world//launch/robot_state_publisher.launch.py
-- Up-to-date: /home/grey/Documentos/GitHub/Proyecto-Robotica-Fireye/fireye/ros2_ws/install/fireye_world/share/fireye_world//launch/fireye_world.launch.py
-- Up-to-date: /home/grey/Documentos/GitHub/Proyecto-Robotica-Fireye/fireye/ros2_ws/install/fireye_world/share/fireye_world//launch/spawn_turtlebot3.launch.pyZone.Identifier
-- Up-to-date: /home/grey/Documentos/GitHub/Proyecto-Robotica-Fireye/fireye/ros2_ws/install/fireye_world/share/fireye_world//models
-- Up-to-date: /home/grey/Documentos/GitHub/Proyecto-Robotica-Fireye/fireye/ros2_ws/install/fireye_world/share/fireye_world//models/cafe
-- Up-to-date: /home/grey/Documentos/GitHub/Proyecto-Robotica-Fireye/fireye/ros2_ws/install/fireye_world/share/fireye_world//models/cafe/meshes
-- Up-to-date: /home/grey/Documentos/GitHub/Proyecto-Robotica-Fireye/fireye/ros2_ws/install/fireye_world/share/fireye_world//models/cafe/meshes/cafe.dae
-- Up-to-date: /home/grey/Documentos/GitHub/Proyecto-Robotica-Fireye/fireye/ros2_ws/install/fireye_world/share/fireye_world//models/cafe/model.sdf
-- Up-to-date: /home/grey/Documentos/GitHub/Proyecto-Robotica-Fireye/fireye/ros2_ws/install/fireye_world/share/fireye_world//models/cafe/materials
-- Up-to-date: /home/grey/Documentos/GitHub/Proyecto-Robotica-Fireye/fireye/ros2_ws/install/fireye_world/share/fireye_world//models/cafe/materials/textures
-- Up-to-date: /home/grey/Documentos/GitHub/Proyecto-Robotica-Fireye/fireye/ros2_ws/install/fireye_world/share/fireye_world//models/cafe/materials/textures/__auto_25.jpg
-- Up-to-date: /home/grey/Documentos/GitHub/Proyecto-Robotica-Fireye/fireye/ros2_ws/install/fireye_world/share/fireye_world//models/cafe/materials/textures/__auto_28.jpg
-- Up-to-date: /home/grey/Documentos/GitHub/Proyecto-Robotica-Fireye/fireye/ros2_ws/install/fireye_world/share/fireye_world//models/cafe/materials/textures/__auto_23.jpg
-- Up-to-date: /home/grey/Documentos/GitHub/Proyecto-Robotica-Fireye/fireye/ros2_ws/install/fireye_world/share/fireye_world//models/cafe/materials/textures/__auto_10.jpg
-- Up-to-date: /home/grey/Documentos/GitHub/Proyecto-Robotica-Fireye/fireye/ros2_ws/install/fireye_world/share/fireye_world//models/cafe/materials/textures/__auto_31.jpg
-- Up-to-date: /home/grey/Documentos/GitHub/Proyecto-Robotica-Fireye/fireye/ros2_ws/install/fireye_world/share/fireye_world//models/cafe/materials/textures/__auto_26.jpg
-- Up-to-date: /home/grey/Documentos/GitHub/Proyecto-Robotica-Fireye/fireye/ros2_ws/install/fireye_world/share/fireye_world//models/cafe/materials/textures/__auto_2.jpg
-- Up-to-date: /home/grey/Documentos/GitHub/Proyecto-Robotica-Fireye/fireye/ros2_ws/install/fireye_world/share/fireye_world//models/cafe/materials/textures/__auto_34.jpg
-- Up-to-date: /home/grey/Documentos/GitHub/Proyecto-Robotica-Fireye/fireye/ros2_ws/install/fireye_world/share/fireye_world//models/cafe/materials/textures/__auto_37.jpg
-- Up-to-date: /home/grey/Documentos/GitHub/Proyecto-Robotica-Fireye/fireye/ros2_ws/install/fireye_world/share/fireye_world//models/cafe/materials/textures/__auto_35.jpg
-- Up-to-date: /home/grey/Documentos/GitHub/Proyecto-Robotica-Fireye/fireye/ros2_ws/install/fireye_world/share/fireye_world//models/cafe/materials/textures/__auto_30.jpg
-- Up-to-date: /home/grey/Documentos/GitHub/Proyecto-Robotica-Fireye/fireye/ros2_ws/install/fireye_world/share/fireye_world//models/cafe/materials/textures/__auto_21.jpg
-- Up-to-date: /home/grey/Documentos/GitHub/Proyecto-Robotica-Fireye/fireye/ros2_ws/install/fireye_world/share/fireye_world//models/cafe/materials/textures/__auto_22.jpg
-- Up-to-date: /home/grey/Documentos/GitHub/Proyecto-Robotica-Fireye/fireye/ros2_ws/install/fireye_world/share/fireye_world//models/cafe/materials/textures/__auto_24.jpg
-- Up-to-date: /home/grey/Documentos/GitHub/Proyecto-Robotica-Fireye/fireye/ros2_ws/install/fireye_world/share/fireye_world//models/cafe/materials/textures/__auto_29.jpg
-- Up-to-date: /home/grey/Documentos/GitHub/Proyecto-Robotica-Fireye/fireye/ros2_ws/install/fireye_world/share/fireye_world//models/cafe/model.config
-- Up-to-date: /home/grey/Documentos/GitHub/Proyecto-Robotica-Fireye/fireye/ros2_ws/install/fireye_world/share/fireye_world//models/small_house
-- Up-to-date: /home/grey/Documentos/GitHub/Proyecto-Robotica-Fireye/fireye/ros2_ws/install/fireye_world/share/fireye_world//models/small_house/model.sdf
-- Up-to-date: /home/grey/Documentos/GitHub/Proyecto-Robotica-Fireye/fireye/ros2_ws/install/fireye_world/share/fireye_world//models/small_house/model.config
-- Up-to-date: /home/grey/Documentos/GitHub/Proyecto-Robotica-Fireye/fireye/ros2_ws/install/fireye_world/share/fireye_world//models/turtlebot3_common
-- Up-to-date: /home/grey/Documentos/GitHub/Proyecto-Robotica-Fireye/fireye/ros2_ws/install/fireye_world/share/fireye_world//models/turtlebot3_common/model.configZone.Identifier
-- Up-to-date: /home/grey/Documentos/GitHub/Proyecto-Robotica-Fireye/fireye/ros2_ws/install/fireye_world/share/fireye_world//models/turtlebot3_common/meshes
-- Up-to-date: /home/grey/Documentos/GitHub/Proyecto-Robotica-Fireye/fireye/ros2_ws/install/fireye_world/share/fireye_world//models/turtlebot3_common/meshes/r200.dae
-- Up-to-date: /home/grey/Documentos/GitHub/Proyecto-Robotica-Fireye/fireye/ros2_ws/install/fireye_world/share/fireye_world//models/turtlebot3_common/meshes/wheels
-- Up-to-date: /home/grey/Documentos/GitHub/Proyecto-Robotica-Fireye/fireye/ros2_ws/install/fireye_world/share/fireye_world//models/turtlebot3_common/meshes/wheels/right_tire.stl
-- Up-to-date: /home/grey/Documentos/GitHub/Proyecto-Robotica-Fireye/fireye/ros2_ws/install/fireye_world/share/fireye_world//models/turtlebot3_common/meshes/wheels/right_tire.stlZone.Identifier
-- Up-to-date: /home/grey/Documentos/GitHub/Proyecto-Robotica-Fireye/fireye/ros2_ws/install/fireye_world/share/fireye_world//models/turtlebot3_common/meshes/wheels/left_tire.stl
-- Up-to-date: /home/grey/Documentos/GitHub/Proyecto-Robotica-Fireye/fireye/ros2_ws/install/fireye_world/share/fireye_world//models/turtlebot3_common/meshes/wheels/left_tire.stlZone.Identifier
-- Up-to-date: /home/grey/Documentos/GitHub/Proyecto-Robotica-Fireye/fireye/ros2_ws/install/fireye_world/share/fireye_world//models/turtlebot3_common/meshes/sensors
-- Up-to-date: /home/grey/Documentos/GitHub/Proyecto-Robotica-Fireye/fireye/ros2_ws/install/fireye_world/share/fireye_world//models/turtlebot3_common/meshes/sensors/r200.dae
-- Up-to-date: /home/grey/Documentos/GitHub/Proyecto-Robotica-Fireye/fireye/ros2_ws/install/fireye_world/share/fireye_world//models/turtlebot3_common/meshes/sensors/astra.dae
-- Up-to-date: /home/grey/Documentos/GitHub/Proyecto-Robotica-Fireye/fireye/ros2_ws/install/fireye_world/share/fireye_world//models/turtlebot3_common/meshes/sensors/lds.stl
-- Up-to-date: /home/grey/Documentos/GitHub/Proyecto-Robotica-Fireye/fireye/ros2_ws/install/fireye_world/share/fireye_world//models/turtlebot3_common/meshes/sensors/astra.jpg
-- Up-to-date: /home/grey/Documentos/GitHub/Proyecto-Robotica-Fireye/fireye/ros2_ws/install/fireye_world/share/fireye_world//models/turtlebot3_common/meshes/sensors/astra.jpgZone.Identifier
-- Up-to-date: /home/grey/Documentos/GitHub/Proyecto-Robotica-Fireye/fireye/ros2_ws/install/fireye_world/share/fireye_world//models/turtlebot3_common/meshes/sensors/r200.daeZone.Identifier
-- Up-to-date: /home/grey/Documentos/GitHub/Proyecto-Robotica-Fireye/fireye/ros2_ws/install/fireye_world/share/fireye_world//models/turtlebot3_common/meshes/sensors/r200.jpgZone.Identifier
-- Up-to-date: /home/grey/Documentos/GitHub/Proyecto-Robotica-Fireye/fireye/ros2_ws/install/fireye_world/share/fireye_world//models/turtlebot3_common/meshes/sensors/r200.jpg
-- Up-to-date: /home/grey/Documentos/GitHub/Proyecto-Robotica-Fireye/fireye/ros2_ws/install/fireye_world/share/fireye_world//models/turtlebot3_common/meshes/sensors/astra.daeZone.Identifier
-- Up-to-date: /home/grey/Documentos/GitHub/Proyecto-Robotica-Fireye/fireye/ros2_ws/install/fireye_world/share/fireye_world//models/turtlebot3_common/meshes/sensors/lds.stlZone.Identifier
-- Up-to-date: /home/grey/Documentos/GitHub/Proyecto-Robotica-Fireye/fireye/ros2_ws/install/fireye_world/share/fireye_world//models/turtlebot3_common/meshes/waffle_base.daeZone.Identifier
-- Up-to-date: /home/grey/Documentos/GitHub/Proyecto-Robotica-Fireye/fireye/ros2_ws/install/fireye_world/share/fireye_world//models/turtlebot3_common/meshes/burger_base.daeZone.Identifier
-- Up-to-date: /home/grey/Documentos/GitHub/Proyecto-Robotica-Fireye/fireye/ros2_ws/install/fireye_world/share/fireye_world//models/turtlebot3_common/meshes/burger_base.dae
-- Up-to-date: /home/grey/Documentos/GitHub/Proyecto-Robotica-Fireye/fireye/ros2_ws/install/fireye_world/share/fireye_world//models/turtlebot3_common/meshes/r200.daeZone.Identifier
-- Up-to-date: /home/grey/Documentos/GitHub/Proyecto-Robotica-Fireye/fireye/ros2_ws/install/fireye_world/share/fireye_world//models/turtlebot3_common/meshes/tire.daeZone.Identifier
-- Up-to-date: /home/grey/Documentos/GitHub/Proyecto-Robotica-Fireye/fireye/ros2_ws/install/fireye_world/share/fireye_world//models/turtlebot3_common/meshes/bases
-- Up-to-date: /home/grey/Documentos/GitHub/Proyecto-Robotica-Fireye/fireye/ros2_ws/install/fireye_world/share/fireye_world//models/turtlebot3_common/meshes/bases/waffle_pi_base.stlZone.Identifier
-- Up-to-date: /home/grey/Documentos/GitHub/Proyecto-Robotica-Fireye/fireye/ros2_ws/install/fireye_world/share/fireye_world//models/turtlebot3_common/meshes/bases/waffle_base.stlZone.Identifier
-- Up-to-date: /home/grey/Documentos/GitHub/Proyecto-Robotica-Fireye/fireye/ros2_ws/install/fireye_world/share/fireye_world//models/turtlebot3_common/meshes/bases/waffle_base.stl
-- Up-to-date: /home/grey/Documentos/GitHub/Proyecto-Robotica-Fireye/fireye/ros2_ws/install/fireye_world/share/fireye_world//models/turtlebot3_common/meshes/bases/waffle_pi_base.stl
-- Up-to-date: /home/grey/Documentos/GitHub/Proyecto-Robotica-Fireye/fireye/ros2_ws/install/fireye_world/share/fireye_world//models/turtlebot3_common/meshes/bases/burger_base.stl
-- Up-to-date: /home/grey/Documentos/GitHub/Proyecto-Robotica-Fireye/fireye/ros2_ws/install/fireye_world/share/fireye_world//models/turtlebot3_common/meshes/bases/burger_base.stlZone.Identifier
-- Up-to-date: /home/grey/Documentos/GitHub/Proyecto-Robotica-Fireye/fireye/ros2_ws/install/fireye_world/share/fireye_world//models/turtlebot3_common/meshes/waffle_base.dae
-- Up-to-date: /home/grey/Documentos/GitHub/Proyecto-Robotica-Fireye/fireye/ros2_ws/install/fireye_world/share/fireye_world//models/turtlebot3_common/meshes/lds.dae
-- Up-to-date: /home/grey/Documentos/GitHub/Proyecto-Robotica-Fireye/fireye/ros2_ws/install/fireye_world/share/fireye_world//models/turtlebot3_common/meshes/lds.daeZone.Identifier
-- Up-to-date: /home/grey/Documentos/GitHub/Proyecto-Robotica-Fireye/fireye/ros2_ws/install/fireye_world/share/fireye_world//models/turtlebot3_common/meshes/waffle_pi_base.dae
-- Up-to-date: /home/grey/Documentos/GitHub/Proyecto-Robotica-Fireye/fireye/ros2_ws/install/fireye_world/share/fireye_world//models/turtlebot3_common/meshes/waffle_pi_base.daeZone.Identifier
-- Up-to-date: /home/grey/Documentos/GitHub/Proyecto-Robotica-Fireye/fireye/ros2_ws/install/fireye_world/share/fireye_world//models/turtlebot3_common/meshes/tire.dae
-- Up-to-date: /home/grey/Documentos/GitHub/Proyecto-Robotica-Fireye/fireye/ros2_ws/install/fireye_world/share/fireye_world//models/turtlebot3_common/model.config
-- Up-to-date: /home/grey/Documentos/GitHub/Proyecto-Robotica-Fireye/fireye/ros2_ws/install/fireye_world/share/fireye_world//models/turtlebot3_burger
-- Up-to-date: /home/grey/Documentos/GitHub/Proyecto-Robotica-Fireye/fireye/ros2_ws/install/fireye_world/share/fireye_world//models/turtlebot3_burger/model.configZone.Identifier
-- Up-to-date: /home/grey/Documentos/GitHub/Proyecto-Robotica-Fireye/fireye/ros2_ws/install/fireye_world/share/fireye_world//models/turtlebot3_burger/model.sdfZone.Identifier
-- Up-to-date: /home/grey/Documentos/GitHub/Proyecto-Robotica-Fireye/fireye/ros2_ws/install/fireye_world/share/fireye_world//models/turtlebot3_burger/model.sdf
-- Up-to-date: /home/grey/Documentos/GitHub/Proyecto-Robotica-Fireye/fireye/ros2_ws/install/fireye_world/share/fireye_world//models/turtlebot3_burger/model-1_4.sdf
-- Up-to-date: /home/grey/Documentos/GitHub/Proyecto-Robotica-Fireye/fireye/ros2_ws/install/fireye_world/share/fireye_world//models/turtlebot3_burger/model.config
-- Up-to-date: /home/grey/Documentos/GitHub/Proyecto-Robotica-Fireye/fireye/ros2_ws/install/fireye_world/share/fireye_world//models/turtlebot3_burger/model-1_4.sdfZone.Identifier
-- Up-to-date: /home/grey/Documentos/GitHub/Proyecto-Robotica-Fireye/fireye/ros2_ws/install/fireye_world/share/fireye_world//models/turtlebot3_burger_cam
-- Up-to-date: /home/grey/Documentos/GitHub/Proyecto-Robotica-Fireye/fireye/ros2_ws/install/fireye_world/share/fireye_world//models/turtlebot3_burger_cam/model.configZone.Identifier
-- Up-to-date: /home/grey/Documentos/GitHub/Proyecto-Robotica-Fireye/fireye/ros2_ws/install/fireye_world/share/fireye_world//models/turtlebot3_burger_cam/model.sdfZone.Identifier
-- Up-to-date: /home/grey/Documentos/GitHub/Proyecto-Robotica-Fireye/fireye/ros2_ws/install/fireye_world/share/fireye_world//models/turtlebot3_burger_cam/model.sdf
-- Up-to-date: /home/grey/Documentos/GitHub/Proyecto-Robotica-Fireye/fireye/ros2_ws/install/fireye_world/share/fireye_world//models/turtlebot3_burger_cam/model-1_4.sdf
-- Up-to-date: /home/grey/Documentos/GitHub/Proyecto-Robotica-Fireye/fireye/ros2_ws/install/fireye_world/share/fireye_world//models/turtlebot3_burger_cam/model.config
-- Up-to-date: /home/grey/Documentos/GitHub/Proyecto-Robotica-Fireye/fireye/ros2_ws/install/fireye_world/share/fireye_world//models/turtlebot3_burger_cam/model-1_4.sdfZone.Identifier
-- Up-to-date: /home/grey/Documentos/GitHub/Proyecto-Robotica-Fireye/fireye/ros2_ws/install/fireye_world/share/fireye_world//params
-- Up-to-date: /home/grey/Documentos/GitHub/Proyecto-Robotica-Fireye/fireye/ros2_ws/install/fireye_world/share/fireye_world//params/turtlebot3_burger_bridge.yamlZone.Identifier
-- Up-to-date: /home/grey/Documentos/GitHub/Proyecto-Robotica-Fireye/fireye/ros2_ws/install/fireye_world/share/fireye_world//params/turtlebot3_burger_bridge.yaml
-- Up-to-date: /home/grey/Documentos/GitHub/Proyecto-Robotica-Fireye/fireye/ros2_ws/install/fireye_world/share/fireye_world//params/turtlebot3_burger_cam_bridge.yamlZone.Identifier
-- Up-to-date: /home/grey/Documentos/GitHub/Proyecto-Robotica-Fireye/fireye/ros2_ws/install/fireye_world/share/fireye_world//params/turtlebot3_burger_cam_bridge.yaml
-- Up-to-date: /home/grey/Documentos/GitHub/Proyecto-Robotica-Fireye/fireye/ros2_ws/install/fireye_world/share/fireye_world//rviz
-- Up-to-date: /home/grey/Documentos/GitHub/Proyecto-Robotica-Fireye/fireye/ros2_ws/install/fireye_world/share/fireye_world//rviz/turtlebot3_burger.urdf
-- Up-to-date: /home/grey/Documentos/GitHub/Proyecto-Robotica-Fireye/fireye/ros2_ws/install/fireye_world/share/fireye_world//rviz/turtlebot3_burger.urdfZone.Identifier
-- Up-to-date: /home/grey/Documentos/GitHub/Proyecto-Robotica-Fireye/fireye/ros2_ws/install/fireye_world/share/fireye_world//urdf
-- Up-to-date: /home/grey/Documentos/GitHub/Proyecto-Robotica-Fireye/fireye/ros2_ws/install/fireye_world/share/fireye_world//urdf/turtlebot3_burger_cam.urdf
-- Up-to-date: /home/grey/Documentos/GitHub/Proyecto-Robotica-Fireye/fireye/ros2_ws/install/fireye_world/share/fireye_world//urdf/common_properties.urdfZone.Identifier
-- Up-to-date: /home/grey/Documentos/GitHub/Proyecto-Robotica-Fireye/fireye/ros2_ws/install/fireye_world/share/fireye_world//urdf/common_properties.urdf
-- Up-to-date: /home/grey/Documentos/GitHub/Proyecto-Robotica-Fireye/fireye/ros2_ws/install/fireye_world/share/fireye_world//urdf/turtlebot3_burger_cam.urdfZone.Identifier
-- Up-to-date: /home/grey/Documentos/GitHub/Proyecto-Robotica-Fireye/fireye/ros2_ws/install/fireye_world/share/fireye_world//urdf/turtlebot3_burger.urdf
-- Up-to-date: /home/grey/Documentos/GitHub/Proyecto-Robotica-Fireye/fireye/ros2_ws/install/fireye_world/share/fireye_world//urdf/turtlebot3_burger.urdfZone.Identifier
-- Up-to-date: /home/grey/Documentos/GitHub/Proyecto-Robotica-Fireye/fireye/ros2_ws/install/fireye_world/share/fireye_world//worlds
-- Up-to-date: /home/grey/Documentos/GitHub/Proyecto-Robotica-Fireye/fireye/ros2_ws/install/fireye_world/share/fireye_world//worlds/my_world.world
-- Up-to-date: /home/grey/Documentos/GitHub/Proyecto-Robotica-Fireye/fireye/ros2_ws/install/fireye_world/share/fireye_world//worlds/turtlebot3_world.worldZone.Identifier
-- Installing: /home/grey/Documentos/GitHub/Proyecto-Robotica-Fireye/fireye/ros2_ws/install/fireye_world/share/fireye_world//worlds/harmonic.sdf
-- Up-to-date: /home/grey/Documentos/GitHub/Proyecto-Robotica-Fireye/fireye/ros2_ws/install/fireye_world/include/
-- Up-to-date: /home/grey/Documentos/GitHub/Proyecto-Robotica-Fireye/fireye/ros2_ws/install/fireye_world/include//obstacle2.hppZone.Identifier
-- Up-to-date: /home/grey/Documentos/GitHub/Proyecto-Robotica-Fireye/fireye/ros2_ws/install/fireye_world/include//turtlebot3_drive.hpp
-- Up-to-date: /home/grey/Documentos/GitHub/Proyecto-Robotica-Fireye/fireye/ros2_ws/install/fireye_world/include//obstacles.hpp
-- Up-to-date: /home/grey/Documentos/GitHub/Proyecto-Robotica-Fireye/fireye/ros2_ws/install/fireye_world/include//traffic_bar_plugin.hpp
-- Up-to-date: /home/grey/Documentos/GitHub/Proyecto-Robotica-Fireye/fireye/ros2_ws/install/fireye_world/include//traffic_bar_plugin.hppZone.Identifier
-- Up-to-date: /home/grey/Documentos/GitHub/Proyecto-Robotica-Fireye/fireye/ros2_ws/install/fireye_world/include//turtlebot3_drive.hppZone.Identifier
-- Up-to-date: /home/grey/Documentos/GitHub/Proyecto-Robotica-Fireye/fireye/ros2_ws/install/fireye_world/include//fireye_world
-- Up-to-date: /home/grey/Documentos/GitHub/Proyecto-Robotica-Fireye/fireye/ros2_ws/install/fireye_world/include//obstacles.hppZone.Identifier
-- Up-to-date: /home/grey/Documentos/GitHub/Proyecto-Robotica-Fireye/fireye/ros2_ws/install/fireye_world/include//traffic_light_plugin.hpp
-- Up-to-date: /home/grey/Documentos/GitHub/Proyecto-Robotica-Fireye/fireye/ros2_ws/install/fireye_world/include//obstacle2.hpp
-- Up-to-date: /home/grey/Documentos/GitHub/Proyecto-Robotica-Fireye/fireye/ros2_ws/install/fireye_world/include//obstacle1.hppZone.Identifier
-- Up-to-date: /home/grey/Documentos/GitHub/Proyecto-Robotica-Fireye/fireye/ros2_ws/install/fireye_world/include//obstacle1.hpp
-- Up-to-date: /home/grey/Documentos/GitHub/Proyecto-Robotica-Fireye/fireye/ros2_ws/install/fireye_world/include//traffic_light_plugin.hppZone.Identifier
-- Up-to-date: /home/grey/Documentos/GitHub/Proyecto-Robotica-Fireye/fireye/ros2_ws/install/fireye_world/share/ament_index/resource_index/package_run_dependencies/fireye_world
-- Up-to-date: /home/grey/Documentos/GitHub/Proyecto-Robotica-Fireye/fireye/ros2_ws/install/fireye_world/share/ament_index/resource_index/parent_prefix_path/fireye_world
-- Up-to-date: /home/grey/Documentos/GitHub/Proyecto-Robotica-Fireye/fireye/ros2_ws/install/fireye_world/share/fireye_world/environment/ament_prefix_path.sh
-- Up-to-date: /home/grey/Documentos/GitHub/Proyecto-Robotica-Fireye/fireye/ros2_ws/install/fireye_world/share/fireye_world/environment/ament_prefix_path.dsv
-- Up-to-date: /home/grey/Documentos/GitHub/Proyecto-Robotica-Fireye/fireye/ros2_ws/install/fireye_world/share/fireye_world/environment/path.sh
-- Up-to-date: /home/grey/Documentos/GitHub/Proyecto-Robotica-Fireye/fireye/ros2_ws/install/fireye_world/share/fireye_world/environment/path.dsv
-- Up-to-date: /home/grey/Documentos/GitHub/Proyecto-Robotica-Fireye/fireye/ros2_ws/install/fireye_world/share/fireye_world/local_setup.bash
-- Up-to-date: /home/grey/Documentos/GitHub/Proyecto-Robotica-Fireye/fireye/ros2_ws/install/fireye_world/share/fireye_world/local_setup.sh
-- Up-to-date: /home/grey/Documentos/GitHub/Proyecto-Robotica-Fireye/fireye/ros2_ws/install/fireye_world/share/fireye_world/local_setup.zsh
-- Up-to-date: /home/grey/Documentos/GitHub/Proyecto-Robotica-Fireye/fireye/ros2_ws/install/fireye_world/share/fireye_world/local_setup.dsv
-- Installing: /home/grey/Documentos/GitHub/Proyecto-Robotica-Fireye/fireye/ros2_ws/install/fireye_world/share/fireye_world/package.dsv
-- Up-to-date: /home/grey/Documentos/GitHub/Proyecto-Robotica-Fireye/fireye/ros2_ws/install/fireye_world/share/ament_index/resource_index/packages/fireye_world
-- Up-to-date: /home/grey/Documentos/GitHub/Proyecto-Robotica-Fireye/fireye/ros2_ws/install/fireye_world/share/fireye_world/cmake/ament_cmake_export_include_directories-extras.cmake
-- Up-to-date: /home/grey/Documentos/GitHub/Proyecto-Robotica-Fireye/fireye/ros2_ws/install/fireye_world/share/fireye_world/cmake/ament_cmake_export_dependencies-extras.cmake
-- Up-to-date: /home/grey/Documentos/GitHub/Proyecto-Robotica-Fireye/fireye/ros2_ws/install/fireye_world/share/fireye_world/cmake/fireye_worldConfig.cmake
-- Up-to-date: /home/grey/Documentos/GitHub/Proyecto-Robotica-Fireye/fireye/ros2_ws/install/fireye_world/share/fireye_world/cmake/fireye_worldConfig-version.cmake
-- Up-to-date: /home/grey/Documentos/GitHub/Proyecto-Robotica-Fireye/fireye/ros2_ws/install/fireye_world/share/fireye_world/package.xml
