[0.010s] Invoking command in '/home/grey/Documentos/GitHub/Proyecto-Robotica-Fireye/fireye/ros2_ws/build/fireye_world': CMAKE_PREFIX_PATH=${CMAKE_PREFIX_PATH}:/home/grey/turtlebot3_ws/install/show_msg:/home/grey/turtlebot3_ws/install/my_first_subscriber:/home/grey/turtlebot3_ws/install/my_first_service:/home/grey/turtlebot3_ws/install/my_first_publisher:/home/grey/turtlebot3_ws/install/my_first_node:/home/grey/turtlebot3_ws/install/my_first_action:/opt/ros/jazzy DEBUGINFOD_URLS=https://debuginfod.ubuntu.com /usr/bin/cmake /home/grey/Documentos/GitHub/Proyecto-Robotica-Fireye/fireye/ros2_ws/fireye_world -DCMAKE_INSTALL_PREFIX=/home/grey/Documentos/GitHub/Proyecto-Robotica-Fireye/fireye/ros2_ws/install/fireye_world
[0.057s] -- The C compiler identification is GNU 13.3.0
[0.093s] -- The CXX compiler identification is GNU 13.3.0
[0.106s] -- Detecting C compiler ABI info
[0.175s] -- Detecting C compiler ABI info - done
[0.182s] -- Check for working C compiler: /usr/bin/cc - skipped
[0.182s] -- Detecting C compile features
[0.182s] -- Detecting C compile features - done
[0.189s] -- Detecting CXX compiler ABI info
[0.269s] -- Detecting CXX compiler ABI info - done
[0.275s] -- Check for working CXX compiler: /usr/bin/c++ - skipped
[0.275s] -- Detecting CXX compile features
[0.276s] -- Detecting CXX compile features - done
[0.278s] -- Found ament_cmake: 2.5.5 (/opt/ros/jazzy/share/ament_cmake/cmake)
[0.387s] -- Found Python3: /usr/bin/python3 (found version "3.12.3") found components: Interpreter 
[0.456s] -- Found ros_gz_sim: 1.0.18 (/opt/ros/jazzy/share/ros_gz_sim/cmake)
[0.488s] -- Found rosidl_generator_c: 4.6.7 (/opt/ros/jazzy/share/rosidl_generator_c/cmake)
[0.498s] -- Found rosidl_generator_cpp: 4.6.7 (/opt/ros/jazzy/share/rosidl_generator_cpp/cmake)
[0.510s] -- Using all available rosidl_typesupport_c: rosidl_typesupport_fastrtps_c;rosidl_typesupport_introspection_c
[0.522s] -- Using all available rosidl_typesupport_cpp: rosidl_typesupport_fastrtps_cpp;rosidl_typesupport_introspection_cpp
[0.574s] -- Found rmw_implementation_cmake: 7.3.3 (/opt/ros/jazzy/share/rmw_implementation_cmake/cmake)
[0.577s] -- Found rmw_fastrtps_cpp: 8.4.3 (/opt/ros/jazzy/share/rmw_fastrtps_cpp/cmake)
[0.656s] -- Found OpenSSL: /usr/lib/x86_64-linux-gnu/libcrypto.so (found version "3.0.13")  
[0.672s] -- Found FastRTPS: /opt/ros/jazzy/include (Required is at least version "2.13") 
[0.687s] -- Using RMW implementation 'rmw_fastrtps_cpp' as default
[0.843s] -- Found nav_msgs: 5.3.6 (/opt/ros/jazzy/share/nav_msgs/cmake)
[0.859s] -- Found sensor_msgs: 5.3.6 (/opt/ros/jazzy/share/sensor_msgs/cmake)
[0.874s] -- Found gz_math_vendor: 0.0.8 (/opt/ros/jazzy/share/gz_math_vendor/cmake)
[0.879s] -- Looking for gz-math7 -- found version 7.5.2
[0.883s] -- Searching for dependencies of gz-math7
[0.884s] -- Looking for gz-utils2 -- found version 2.2.1
[0.884s] -- Searching for dependencies of gz-utils2
[0.886s] -- Found gz_sim_vendor: 0.0.9 (/opt/ros/jazzy/share/gz_sim_vendor/cmake)
[0.916s] -- Looking for gz-sim8 -- found version 8.10.0
[0.917s] -- Searching for dependencies of gz-sim8
[0.917s] -- Looking for sdformat14 -- found version 14.8.0
[0.918s] -- Searching for dependencies of sdformat14
[0.922s] -- Checking for module 'tinyxml2'
[0.941s] --   Found tinyxml2, version 10.0.0
[0.975s] -- Looking for gz-math7 -- found version 7.5.2
[0.976s] -- Looking for gz-utils2 -- found version 2.2.1
[0.976s] -- Searching for dependencies of gz-utils2
[0.976s] -- Searching for <gz-utils2> component [cli]
[0.979s] -- Looking for gz-utils2-cli -- found version 2.2.1
[0.979s] -- Searching for dependencies of gz-utils2-cli
[0.982s] -- Looking for gz-plugin2 -- found version 2.0.4
[0.982s] -- Searching for dependencies of gz-plugin2
[0.982s] -- Looking for gz-utils2 -- found version 2.2.1
[0.982s] -- Searching for <gz-plugin2> component [loader]
[0.983s] -- Looking for gz-plugin2-loader -- found version 2.0.4
[0.984s] -- Searching for dependencies of gz-plugin2-loader
[0.984s] -- Searching for <gz-plugin2> component [register]
[0.985s] -- Looking for gz-plugin2-register -- found version 2.0.4
[0.985s] -- Searching for dependencies of gz-plugin2-register
[0.986s] -- Looking for gz-transport13 -- found version 13.5.0
[0.987s] -- Searching for dependencies of gz-transport13
[1.073s] -- Found Protobuf: /usr/lib/x86_64-linux-gnu/libprotobuf.so (found version "3.21.12") 
[1.080s] -- Config-file not installed for ZeroMQ -- checking for pkg-config
[1.084s] -- Checking for module 'libzmq >= 4'
[1.102s] --   Found libzmq, version 4.3.5
[1.141s] -- Found ZeroMQ: TRUE (Required is at least version "4") 
[1.148s] -- Checking for module 'uuid'
[1.161s] --   Found uuid, version 2.39.3
[1.192s] -- Found UUID: TRUE  
[1.193s] -- Looking for gz-utils2 -- found version 2.2.1
[1.194s] -- Looking for gz-msgs10 -- found version 10.3.2
[1.194s] -- Searching for dependencies of gz-msgs10
[1.206s] -- Looking for gz-utils2 -- found version 2.2.1
[1.207s] -- Looking for gz-math7 -- found version 7.5.2
[1.211s] -- Searching for <gz-transport13> component [log]
[1.212s] -- Looking for gz-transport13-log -- found version 13.5.0
[1.212s] -- Searching for dependencies of gz-transport13-log
[1.212s] -- Searching for <gz-transport13> component [parameters]
[1.213s] -- Looking for gz-transport13-parameters -- found version 13.5.0
[1.214s] -- Searching for dependencies of gz-transport13-parameters
[1.214s] -- Looking for gz-msgs10 -- found version 10.3.2
[1.215s] -- Looking for gz-common5 -- found version 5.7.1
[1.215s] -- Searching for dependencies of gz-common5
[1.215s] -- Looking for gz-utils2 -- found version 2.2.1
[1.216s] -- Looking for dlfcn.h - found
[1.217s] -- Looking for libdl - found
[1.218s] -- Found DL: TRUE  
[1.223s] -- Searching for <gz-common5> component [av]
[1.225s] -- Looking for gz-common5-av -- found version 5.7.1
[1.226s] -- Searching for dependencies of gz-common5-av
[1.231s] -- Checking for module 'libswscale'
[1.245s] --   Found libswscale, version 7.5.100
[1.278s] -- Found SWSCALE: TRUE  
[1.281s] -- Checking for module 'libavdevice >= 56.4.100'
[1.295s] --   Found libavdevice, version 60.3.100
[1.334s] -- Found AVDEVICE: TRUE (Required is at least version "56.4.100") 
[1.338s] -- Checking for module 'libavformat'
[1.352s] --   Found libavformat, version 60.16.100
[1.386s] -- Found AVFORMAT: TRUE  
[1.390s] -- Checking for module 'libavcodec'
[1.403s] --   Found libavcodec, version 60.31.102
[1.437s] -- Found AVCODEC: TRUE  
[1.441s] -- Checking for module 'libavutil'
[1.455s] --   Found libavutil, version 58.29.100
[1.489s] -- Found AVUTIL: TRUE  
[1.489s] -- Searching for <gz-common5> component [events]
[1.490s] -- Looking for gz-common5-events -- found version 5.7.1
[1.490s] -- Searching for dependencies of gz-common5-events
[1.491s] -- Looking for gz-math7 -- found version 7.5.2
[1.491s] -- Searching for <gz-common5> component [graphics]
[1.493s] -- Looking for gz-common5-graphics -- found version 5.7.1
[1.494s] -- Searching for dependencies of gz-common5-graphics
[1.494s] -- Looking for gz-math7 -- found version 7.5.2
[1.498s] -- Found GzAssimp: TRUE (found version "5.3.0") 
[1.498s] -- Searching for <gz-common5> component [io]
[1.500s] -- Looking for gz-common5-io -- found version 5.7.1
[1.500s] -- Searching for dependencies of gz-common5-io
[1.500s] -- Searching for <gz-common5> component [profiler]
[1.501s] -- Looking for gz-common5-profiler -- found version 5.7.1
[1.502s] -- Searching for dependencies of gz-common5-profiler
[1.503s] -- Looking for gz-fuel_tools9 -- found version 9.1.1
[1.503s] -- Searching for dependencies of gz-fuel_tools9
[1.576s] -- Found CURL: /usr/lib/x86_64-linux-gnu/libcurl.so (found version "8.5.0")  
[1.585s] -- Checking for module 'jsoncpp'
[1.599s] --   Found jsoncpp, version 1.9.5
[1.630s] -- Found JSONCPP: TRUE  
[1.641s] -- Checking for module 'yaml-0.1'
[1.656s] --   Found yaml-0.1, version 0.2.5
[1.688s] -- Found YAML: TRUE  
[1.693s] -- Checking for module 'libzip'
[1.708s] --   Found libzip, version 1.7.3
[1.741s] -- Found ZIP: TRUE  
[1.741s] -- Looking for gz-utils2 -- found version 2.2.1
[1.742s] -- Looking for gz-common5 -- found version 5.7.1
[1.742s] -- Searching for dependencies of gz-common5
[1.742s] -- Looking for gz-utils2 -- found version 2.2.1
[1.742s] -- Looking for dlfcn.h - found
[1.742s] -- Looking for libdl - found
[1.748s] -- Searching for <gz-common5> component [testing]
[1.751s] -- Looking for gz-common5-testing -- found version 5.7.1
[1.752s] -- Searching for dependencies of gz-common5-testing
[1.753s] -- Looking for gz-math7 -- found version 7.5.2
[1.753s] -- Looking for gz-msgs10 -- found version 10.3.2
[1.755s] -- Looking for gz-gui8 -- found version 8.4.0
[1.755s] -- Searching for dependencies of gz-gui8
[1.773s] -- Looking for gz-utils2 -- found version 2.2.1
[1.773s] -- Looking for gz-math7 -- found version 7.5.2
[1.773s] -- Looking for gz-common5 -- found version 5.7.1
[1.774s] -- Looking for gz-plugin2 -- found version 2.0.4
[1.774s] -- Looking for gz-transport13 -- found version 13.5.0
[1.775s] -- Looking for gz-rendering8 -- found version 8.2.3
[1.775s] -- Searching for dependencies of gz-rendering8
[1.776s] -- Looking for gz-math7 -- found version 7.5.2
[1.776s] -- Searching for dependencies of gz-math7
[1.776s] -- Looking for gz-utils2 -- found version 2.2.1
[1.776s] -- Searching for <gz-math7> component [eigen3]
[1.777s] -- Looking for gz-math7-eigen3 -- found version 7.5.2
[1.778s] -- Searching for dependencies of gz-math7-eigen3
[1.785s] -- Looking for gz-common5 -- found version 5.7.1
[1.785s] -- Searching for dependencies of gz-common5
[1.785s] -- Looking for gz-utils2 -- found version 2.2.1
[1.785s] -- Looking for dlfcn.h - found
[1.785s] -- Looking for libdl - found
[1.789s] -- Searching for <gz-common5> component [graphics]
[1.790s] -- Searching for <gz-common5> component [events]
[1.790s] -- Searching for <gz-common5> component [geospatial]
[1.791s] -- Looking for gz-common5-geospatial -- found version 5.7.1
[1.791s] -- Searching for dependencies of gz-common5-geospatial
[1.791s] -- Looking for gz-math7 -- found version 7.5.2
[1.791s] -- Looking for gz-common5 -- found version 5.7.1
[1.792s] -- Looking for gz-plugin2 -- found version 2.0.4
[1.792s] -- Searching for dependencies of gz-plugin2
[1.792s] -- Looking for gz-utils2 -- found version 2.2.1
[1.792s] -- Searching for <gz-plugin2> component [all]
[1.793s] -- Looking for all libraries of gz-plugin2 -- found version 2.0.4
[1.793s] -- Looking for gz-plugin2 -- found version 2.0.4
[1.794s] -- Looking for gz-utils2 -- found version 2.2.1
[1.802s] -- Found OpenGL: /usr/lib/x86_64-linux-gnu/libOpenGL.so  found components: OpenGL 
[1.802s] -- Looking for gz-msgs10 -- found version 10.3.2
[1.815s] -- Looking for gz-physics7 -- found version 7.6.0
[1.816s] -- Searching for dependencies of gz-physics7
[1.816s] -- Looking for gz-common5 -- found version 5.7.1
[1.816s] -- Looking for gz-math7 -- found version 7.5.2
[1.816s] -- Looking for gz-plugin2 -- found version 2.0.4
[1.817s] -- Looking for gz-utils2 -- found version 2.2.1
[1.817s] -- Searching for <gz-physics7> component [heightmap]
[1.818s] -- Looking for gz-physics7-heightmap -- found version 7.6.0
[1.818s] -- Searching for dependencies of gz-physics7-heightmap
[1.818s] -- Looking for gz-common5 -- found version 5.7.1
[1.819s] -- Searching for <gz-physics7> component [mesh]
[1.820s] -- Looking for gz-physics7-mesh -- found version 7.6.0
[1.820s] -- Searching for dependencies of gz-physics7-mesh
[1.820s] -- Looking for gz-common5 -- found version 5.7.1
[1.820s] -- Searching for <gz-physics7> component [sdf]
[1.821s] -- Looking for gz-physics7-sdf -- found version 7.6.0
[1.821s] -- Searching for dependencies of gz-physics7-sdf
[1.822s] -- Looking for sdformat14 -- found version 14.8.0
[1.824s] -- Looking for gz-sensors8 -- found version 8.2.2
[1.824s] -- Searching for dependencies of gz-sensors8
[1.837s] -- Looking for gz-math7 -- found version 7.5.2
[1.838s] -- Looking for gz-common5 -- found version 5.7.1
[1.838s] -- Looking for gz-transport13 -- found version 13.5.0
[1.838s] -- Looking for gz-rendering8 -- found version 8.2.3
[1.839s] -- Looking for gz-msgs10 -- found version 10.3.2
[1.839s] -- Looking for sdformat14 -- found version 14.8.0
[1.839s] -- Searching for <gz-sensors8> component [air_pressure]
[1.840s] -- Looking for gz-sensors8-air_pressure -- found version 8.2.2
[1.841s] -- Searching for dependencies of gz-sensors8-air_pressure
[1.841s] -- Searching for <gz-sensors8> component [air_speed]
[1.842s] -- Looking for gz-sensors8-air_speed -- found version 8.2.2
[1.842s] -- Searching for dependencies of gz-sensors8-air_speed
[1.842s] -- Searching for <gz-sensors8> component [altimeter]
[1.843s] -- Looking for gz-sensors8-altimeter -- found version 8.2.2
[1.843s] -- Searching for dependencies of gz-sensors8-altimeter
[1.843s] -- Searching for <gz-sensors8> component [imu]
[1.844s] -- Looking for gz-sensors8-imu -- found version 8.2.2
[1.844s] -- Searching for dependencies of gz-sensors8-imu
[1.844s] -- Searching for <gz-sensors8> component [force_torque]
[1.845s] -- Looking for gz-sensors8-force_torque -- found version 8.2.2
[1.845s] -- Searching for dependencies of gz-sensors8-force_torque
[1.846s] -- Searching for <gz-sensors8> component [logical_camera]
[1.847s] -- Looking for gz-sensors8-logical_camera -- found version 8.2.2
[1.847s] -- Searching for dependencies of gz-sensors8-logical_camera
[1.847s] -- Searching for <gz-sensors8> component [magnetometer]
[1.848s] -- Looking for gz-sensors8-magnetometer -- found version 8.2.2
[1.848s] -- Searching for dependencies of gz-sensors8-magnetometer
[1.848s] -- Searching for <gz-sensors8> component [navsat]
[1.849s] -- Looking for gz-sensors8-navsat -- found version 8.2.2
[1.849s] -- Searching for dependencies of gz-sensors8-navsat
[1.849s] -- Searching for <gz-sensors8> component [dvl]
[1.850s] -- Looking for gz-sensors8-dvl -- found version 8.2.2
[1.850s] -- Searching for dependencies of gz-sensors8-dvl
[1.851s] -- Looking for gz-sensors8 -- found version 8.2.2
[1.851s] -- Searching for dependencies of gz-sensors8
[1.862s] -- Looking for gz-math7 -- found version 7.5.2
[1.862s] -- Looking for gz-common5 -- found version 5.7.1
[1.862s] -- Looking for gz-transport13 -- found version 13.5.0
[1.862s] -- Looking for gz-rendering8 -- found version 8.2.3
[1.863s] -- Looking for gz-msgs10 -- found version 10.3.2
[1.863s] -- Looking for sdformat14 -- found version 14.8.0
[1.863s] -- Searching for <gz-sensors8> component [rendering]
[1.864s] -- Looking for gz-sensors8-rendering -- found version 8.2.2
[1.864s] -- Searching for dependencies of gz-sensors8-rendering
[1.865s] -- Searching for <gz-sensors8> component [rendering]
[1.865s] -- Searching for <gz-sensors8> component [lidar]
[1.866s] -- Looking for gz-sensors8-lidar -- found version 8.2.2
[1.866s] -- Searching for dependencies of gz-sensors8-lidar
[1.866s] -- Looking for gz-sensors8 -- found version 8.2.2
[1.866s] -- Searching for <gz-sensors8> component [gpu_lidar]
[1.867s] -- Looking for gz-sensors8-gpu_lidar -- found version 8.2.2
[1.867s] -- Searching for dependencies of gz-sensors8-gpu_lidar
[1.867s] -- Looking for gz-sensors8 -- found version 8.2.2
[1.868s] -- Searching for <gz-sensors8> component [camera]
[1.869s] -- Looking for gz-sensors8-camera -- found version 8.2.2
[1.869s] -- Searching for dependencies of gz-sensors8-camera
[1.869s] -- Looking for gz-sensors8 -- found version 8.2.2
[1.869s] -- Searching for <gz-sensors8> component [boundingbox_camera]
[1.870s] -- Looking for gz-sensors8-boundingbox_camera -- found version 8.2.2
[1.870s] -- Searching for dependencies of gz-sensors8-boundingbox_camera
[1.871s] -- Searching for <gz-sensors8> component [segmentation_camera]
[1.871s] -- Looking for gz-sensors8-segmentation_camera -- found version 8.2.2
[1.871s] -- Searching for dependencies of gz-sensors8-segmentation_camera
[1.872s] -- Searching for <gz-sensors8> component [depth_camera]
[1.873s] -- Looking for gz-sensors8-depth_camera -- found version 8.2.2
[1.873s] -- Searching for dependencies of gz-sensors8-depth_camera
[1.873s] -- Looking for gz-sensors8 -- found version 8.2.2
[1.873s] -- Searching for <gz-sensors8> component [rgbd_camera]
[1.874s] -- Looking for gz-sensors8-rgbd_camera -- found version 8.2.2
[1.874s] -- Searching for dependencies of gz-sensors8-rgbd_camera
[1.875s] -- Looking for gz-sensors8 -- found version 8.2.2
[1.875s] -- Searching for <gz-sensors8> component [thermal_camera]
[1.876s] -- Looking for gz-sensors8-thermal_camera -- found version 8.2.2
[1.876s] -- Searching for dependencies of gz-sensors8-thermal_camera
[1.876s] -- Looking for gz-sensors8 -- found version 8.2.2
[1.876s] -- Searching for <gz-sensors8> component [wide_angle_camera]
[1.877s] -- Looking for gz-sensors8-wide_angle_camera -- found version 8.2.2
[1.877s] -- Searching for dependencies of gz-sensors8-wide_angle_camera
[1.878s] -- Looking for gz-rendering8 -- found version 8.2.3
[1.878s] -- Looking for gz-math7 -- found version 7.5.2
[1.878s] -- Looking for gz-utils2 -- found version 2.2.1
[1.893s] -- Looking for gz-plugin2 -- found version 2.0.4
[1.951s] -- Configuring done (1.9s)
[1.967s] -- Generating done (0.0s)
[1.972s] -- Build files have been written to: /home/grey/Documentos/GitHub/Proyecto-Robotica-Fireye/fireye/ros2_ws/build/fireye_world
[1.983s] Invoked command in '/home/grey/Documentos/GitHub/Proyecto-Robotica-Fireye/fireye/ros2_ws/build/fireye_world' returned '0': CMAKE_PREFIX_PATH=${CMAKE_PREFIX_PATH}:/home/grey/turtlebot3_ws/install/show_msg:/home/grey/turtlebot3_ws/install/my_first_subscriber:/home/grey/turtlebot3_ws/install/my_first_service:/home/grey/turtlebot3_ws/install/my_first_publisher:/home/grey/turtlebot3_ws/install/my_first_node:/home/grey/turtlebot3_ws/install/my_first_action:/opt/ros/jazzy DEBUGINFOD_URLS=https://debuginfod.ubuntu.com /usr/bin/cmake /home/grey/Documentos/GitHub/Proyecto-Robotica-Fireye/fireye/ros2_ws/fireye_world -DCMAKE_INSTALL_PREFIX=/home/grey/Documentos/GitHub/Proyecto-Robotica-Fireye/fireye/ros2_ws/install/fireye_world
[1.984s] Invoking command in '/home/grey/Documentos/GitHub/Proyecto-Robotica-Fireye/fireye/ros2_ws/build/fireye_world': CMAKE_PREFIX_PATH=${CMAKE_PREFIX_PATH}:/home/grey/turtlebot3_ws/install/show_msg:/home/grey/turtlebot3_ws/install/my_first_subscriber:/home/grey/turtlebot3_ws/install/my_first_service:/home/grey/turtlebot3_ws/install/my_first_publisher:/home/grey/turtlebot3_ws/install/my_first_node:/home/grey/turtlebot3_ws/install/my_first_action:/opt/ros/jazzy DEBUGINFOD_URLS=https://debuginfod.ubuntu.com /usr/bin/cmake --build /home/grey/Documentos/GitHub/Proyecto-Robotica-Fireye/fireye/ros2_ws/build/fireye_world -- -j22 -l22
[2.025s] [ 12%] [32mBuilding CXX object CMakeFiles/obstacle2.dir/src/obstacle2.cpp.o[0m
[2.027s] [ 25%] [32mBuilding CXX object CMakeFiles/obstacle1.dir/src/obstacle1.cpp.o[0m
[2.028s] [ 50%] [32mBuilding CXX object CMakeFiles/turtlebot3_drive.dir/src/turtlebot3_drive.cpp.o[0m
[2.028s] [ 50%] [32mBuilding CXX object CMakeFiles/obstacles.dir/src/obstacles.cpp.o[0m
[3.200s] [ 62%] [32m[1mLinking CXX shared library libobstacle1.so[0m
[3.229s] [ 75%] [32m[1mLinking CXX shared library libobstacle2.so[0m
[3.307s] [ 75%] Built target obstacle1
[3.336s] [ 75%] Built target obstacle2
[3.406s] [ 87%] [32m[1mLinking CXX shared library libobstacles.so[0m
[3.514s] [ 87%] Built target obstacles
[7.886s] [100%] [32m[1mLinking CXX executable turtlebot3_drive[0m
[8.105s] [100%] Built target turtlebot3_drive
[8.116s] Invoked command in '/home/grey/Documentos/GitHub/Proyecto-Robotica-Fireye/fireye/ros2_ws/build/fireye_world' returned '0': CMAKE_PREFIX_PATH=${CMAKE_PREFIX_PATH}:/home/grey/turtlebot3_ws/install/show_msg:/home/grey/turtlebot3_ws/install/my_first_subscriber:/home/grey/turtlebot3_ws/install/my_first_service:/home/grey/turtlebot3_ws/install/my_first_publisher:/home/grey/turtlebot3_ws/install/my_first_node:/home/grey/turtlebot3_ws/install/my_first_action:/opt/ros/jazzy DEBUGINFOD_URLS=https://debuginfod.ubuntu.com /usr/bin/cmake --build /home/grey/Documentos/GitHub/Proyecto-Robotica-Fireye/fireye/ros2_ws/build/fireye_world -- -j22 -l22
[8.125s] Invoking command in '/home/grey/Documentos/GitHub/Proyecto-Robotica-Fireye/fireye/ros2_ws/build/fireye_world': CMAKE_PREFIX_PATH=${CMAKE_PREFIX_PATH}:/home/grey/turtlebot3_ws/install/show_msg:/home/grey/turtlebot3_ws/install/my_first_subscriber:/home/grey/turtlebot3_ws/install/my_first_service:/home/grey/turtlebot3_ws/install/my_first_publisher:/home/grey/turtlebot3_ws/install/my_first_node:/home/grey/turtlebot3_ws/install/my_first_action:/opt/ros/jazzy DEBUGINFOD_URLS=https://debuginfod.ubuntu.com /usr/bin/cmake --install /home/grey/Documentos/GitHub/Proyecto-Robotica-Fireye/fireye/ros2_ws/build/fireye_world
[8.133s] -- Install configuration: ""
[8.133s] -- Installing: /home/grey/Documentos/GitHub/Proyecto-Robotica-Fireye/fireye/ros2_ws/install/fireye_world/lib/fireye_world/turtlebot3_drive
[8.136s] -- Set non-toolchain portion of runtime path of "/home/grey/Documentos/GitHub/Proyecto-Robotica-Fireye/fireye/ros2_ws/install/fireye_world/lib/fireye_world/turtlebot3_drive" to ""
[8.136s] -- Installing: /home/grey/Documentos/GitHub/Proyecto-Robotica-Fireye/fireye/ros2_ws/install/fireye_world/lib/fireye_world/libobstacles.so
[8.137s] -- Set non-toolchain portion of runtime path of "/home/grey/Documentos/GitHub/Proyecto-Robotica-Fireye/fireye/ros2_ws/install/fireye_world/lib/fireye_world/libobstacles.so" to ""
[8.137s] -- Installing: /home/grey/Documentos/GitHub/Proyecto-Robotica-Fireye/fireye/ros2_ws/install/fireye_world/lib/fireye_world/libobstacle1.so
[8.137s] -- Set non-toolchain portion of runtime path of "/home/grey/Documentos/GitHub/Proyecto-Robotica-Fireye/fireye/ros2_ws/install/fireye_world/lib/fireye_world/libobstacle1.so" to ""
[8.137s] -- Installing: /home/grey/Documentos/GitHub/Proyecto-Robotica-Fireye/fireye/ros2_ws/install/fireye_world/lib/fireye_world/libobstacle2.so
[8.137s] -- Set non-toolchain portion of runtime path of "/home/grey/Documentos/GitHub/Proyecto-Robotica-Fireye/fireye/ros2_ws/install/fireye_world/lib/fireye_world/libobstacle2.so" to ""
[8.137s] -- Installing: /home/grey/Documentos/GitHub/Proyecto-Robotica-Fireye/fireye/ros2_ws/install/fireye_world/share/fireye_world//launch
[8.137s] -- Installing: /home/grey/Documentos/GitHub/Proyecto-Robotica-Fireye/fireye/ros2_ws/install/fireye_world/share/fireye_world//launch/spawn_turtlebot3.launch.py
[8.137s] -- Installing: /home/grey/Documentos/GitHub/Proyecto-Robotica-Fireye/fireye/ros2_ws/install/fireye_world/share/fireye_world//launch/robot_state_publisher.launch.pyZone.Identifier
[8.138s] -- Installing: /home/grey/Documentos/GitHub/Proyecto-Robotica-Fireye/fireye/ros2_ws/install/fireye_world/share/fireye_world//launch/robot_state_publisher.launch.py
[8.138s] -- Installing: /home/grey/Documentos/GitHub/Proyecto-Robotica-Fireye/fireye/ros2_ws/install/fireye_world/share/fireye_world//launch/fireye_world.launch.py
[8.138s] -- Installing: /home/grey/Documentos/GitHub/Proyecto-Robotica-Fireye/fireye/ros2_ws/install/fireye_world/share/fireye_world//launch/spawn_turtlebot3.launch.pyZone.Identifier
[8.138s] -- Installing: /home/grey/Documentos/GitHub/Proyecto-Robotica-Fireye/fireye/ros2_ws/install/fireye_world/share/fireye_world//models
[8.138s] -- Installing: /home/grey/Documentos/GitHub/Proyecto-Robotica-Fireye/fireye/ros2_ws/install/fireye_world/share/fireye_world//models/cafe
[8.138s] -- Installing: /home/grey/Documentos/GitHub/Proyecto-Robotica-Fireye/fireye/ros2_ws/install/fireye_world/share/fireye_world//models/cafe/meshes
[8.138s] -- Installing: /home/grey/Documentos/GitHub/Proyecto-Robotica-Fireye/fireye/ros2_ws/install/fireye_world/share/fireye_world//models/cafe/meshes/cafe.dae
[8.138s] -- Installing: /home/grey/Documentos/GitHub/Proyecto-Robotica-Fireye/fireye/ros2_ws/install/fireye_world/share/fireye_world//models/cafe/model.sdf
[8.138s] -- Installing: /home/grey/Documentos/GitHub/Proyecto-Robotica-Fireye/fireye/ros2_ws/install/fireye_world/share/fireye_world//models/cafe/materials
[8.138s] -- Installing: /home/grey/Documentos/GitHub/Proyecto-Robotica-Fireye/fireye/ros2_ws/install/fireye_world/share/fireye_world//models/cafe/materials/textures
[8.138s] -- Installing: /home/grey/Documentos/GitHub/Proyecto-Robotica-Fireye/fireye/ros2_ws/install/fireye_world/share/fireye_world//models/cafe/materials/textures/__auto_25.jpg
[8.139s] -- Installing: /home/grey/Documentos/GitHub/Proyecto-Robotica-Fireye/fireye/ros2_ws/install/fireye_world/share/fireye_world//models/cafe/materials/textures/__auto_28.jpg
[8.139s] -- Installing: /home/grey/Documentos/GitHub/Proyecto-Robotica-Fireye/fireye/ros2_ws/install/fireye_world/share/fireye_world//models/cafe/materials/textures/__auto_23.jpg
[8.139s] -- Installing: /home/grey/Documentos/GitHub/Proyecto-Robotica-Fireye/fireye/ros2_ws/install/fireye_world/share/fireye_world//models/cafe/materials/textures/__auto_10.jpg
[8.139s] -- Installing: /home/grey/Documentos/GitHub/Proyecto-Robotica-Fireye/fireye/ros2_ws/install/fireye_world/share/fireye_world//models/cafe/materials/textures/__auto_31.jpg
[8.139s] -- Installing: /home/grey/Documentos/GitHub/Proyecto-Robotica-Fireye/fireye/ros2_ws/install/fireye_world/share/fireye_world//models/cafe/materials/textures/__auto_26.jpg
[8.139s] -- Installing: /home/grey/Documentos/GitHub/Proyecto-Robotica-Fireye/fireye/ros2_ws/install/fireye_world/share/fireye_world//models/cafe/materials/textures/__auto_2.jpg
[8.139s] -- Installing: /home/grey/Documentos/GitHub/Proyecto-Robotica-Fireye/fireye/ros2_ws/install/fireye_world/share/fireye_world//models/cafe/materials/textures/__auto_34.jpg
[8.139s] -- Installing: /home/grey/Documentos/GitHub/Proyecto-Robotica-Fireye/fireye/ros2_ws/install/fireye_world/share/fireye_world//models/cafe/materials/textures/__auto_37.jpg
[8.139s] -- Installing: /home/grey/Documentos/GitHub/Proyecto-Robotica-Fireye/fireye/ros2_ws/install/fireye_world/share/fireye_world//models/cafe/materials/textures/__auto_35.jpg
[8.139s] -- Installing: /home/grey/Documentos/GitHub/Proyecto-Robotica-Fireye/fireye/ros2_ws/install/fireye_world/share/fireye_world//models/cafe/materials/textures/__auto_30.jpg
[8.139s] -- Installing: /home/grey/Documentos/GitHub/Proyecto-Robotica-Fireye/fireye/ros2_ws/install/fireye_world/share/fireye_world//models/cafe/materials/textures/__auto_21.jpg
[8.139s] -- Installing: /home/grey/Documentos/GitHub/Proyecto-Robotica-Fireye/fireye/ros2_ws/install/fireye_world/share/fireye_world//models/cafe/materials/textures/__auto_22.jpg
[8.139s] -- Installing: /home/grey/Documentos/GitHub/Proyecto-Robotica-Fireye/fireye/ros2_ws/install/fireye_world/share/fireye_world//models/cafe/materials/textures/__auto_24.jpg
[8.139s] -- Installing: /home/grey/Documentos/GitHub/Proyecto-Robotica-Fireye/fireye/ros2_ws/install/fireye_world/share/fireye_world//models/cafe/materials/textures/__auto_29.jpg
[8.140s] -- Installing: /home/grey/Documentos/GitHub/Proyecto-Robotica-Fireye/fireye/ros2_ws/install/fireye_world/share/fireye_world//models/cafe/model.config
[8.140s] -- Installing: /home/grey/Documentos/GitHub/Proyecto-Robotica-Fireye/fireye/ros2_ws/install/fireye_world/share/fireye_world//models/small_house
[8.140s] -- Installing: /home/grey/Documentos/GitHub/Proyecto-Robotica-Fireye/fireye/ros2_ws/install/fireye_world/share/fireye_world//models/small_house/model.sdf
[8.140s] -- Installing: /home/grey/Documentos/GitHub/Proyecto-Robotica-Fireye/fireye/ros2_ws/install/fireye_world/share/fireye_world//models/small_house/model.config
[8.140s] -- Installing: /home/grey/Documentos/GitHub/Proyecto-Robotica-Fireye/fireye/ros2_ws/install/fireye_world/share/fireye_world//models/turtlebot3_common
[8.140s] -- Installing: /home/grey/Documentos/GitHub/Proyecto-Robotica-Fireye/fireye/ros2_ws/install/fireye_world/share/fireye_world//models/turtlebot3_common/model.configZone.Identifier
[8.140s] -- Installing: /home/grey/Documentos/GitHub/Proyecto-Robotica-Fireye/fireye/ros2_ws/install/fireye_world/share/fireye_world//models/turtlebot3_common/meshes
[8.140s] -- Installing: /home/grey/Documentos/GitHub/Proyecto-Robotica-Fireye/fireye/ros2_ws/install/fireye_world/share/fireye_world//models/turtlebot3_common/meshes/r200.dae
[8.140s] -- Installing: /home/grey/Documentos/GitHub/Proyecto-Robotica-Fireye/fireye/ros2_ws/install/fireye_world/share/fireye_world//models/turtlebot3_common/meshes/wheels
[8.140s] -- Installing: /home/grey/Documentos/GitHub/Proyecto-Robotica-Fireye/fireye/ros2_ws/install/fireye_world/share/fireye_world//models/turtlebot3_common/meshes/wheels/right_tire.stl
[8.140s] -- Installing: /home/grey/Documentos/GitHub/Proyecto-Robotica-Fireye/fireye/ros2_ws/install/fireye_world/share/fireye_world//models/turtlebot3_common/meshes/wheels/right_tire.stlZone.Identifier
[8.140s] -- Installing: /home/grey/Documentos/GitHub/Proyecto-Robotica-Fireye/fireye/ros2_ws/install/fireye_world/share/fireye_world//models/turtlebot3_common/meshes/wheels/left_tire.stl
[8.140s] -- Installing: /home/grey/Documentos/GitHub/Proyecto-Robotica-Fireye/fireye/ros2_ws/install/fireye_world/share/fireye_world//models/turtlebot3_common/meshes/wheels/left_tire.stlZone.Identifier
[8.140s] -- Installing: /home/grey/Documentos/GitHub/Proyecto-Robotica-Fireye/fireye/ros2_ws/install/fireye_world/share/fireye_world//models/turtlebot3_common/meshes/sensors
[8.140s] -- Installing: /home/grey/Documentos/GitHub/Proyecto-Robotica-Fireye/fireye/ros2_ws/install/fireye_world/share/fireye_world//models/turtlebot3_common/meshes/sensors/r200.dae
[8.140s] -- Installing: /home/grey/Documentos/GitHub/Proyecto-Robotica-Fireye/fireye/ros2_ws/install/fireye_world/share/fireye_world//models/turtlebot3_common/meshes/sensors/astra.dae
[8.143s] -- Installing: /home/grey/Documentos/GitHub/Proyecto-Robotica-Fireye/fireye/ros2_ws/install/fireye_world/share/fireye_world//models/turtlebot3_common/meshes/sensors/lds.stl
[8.144s] -- Installing: /home/grey/Documentos/GitHub/Proyecto-Robotica-Fireye/fireye/ros2_ws/install/fireye_world/share/fireye_world//models/turtlebot3_common/meshes/sensors/astra.jpg
[8.144s] -- Installing: /home/grey/Documentos/GitHub/Proyecto-Robotica-Fireye/fireye/ros2_ws/install/fireye_world/share/fireye_world//models/turtlebot3_common/meshes/sensors/astra.jpgZone.Identifier
[8.144s] -- Installing: /home/grey/Documentos/GitHub/Proyecto-Robotica-Fireye/fireye/ros2_ws/install/fireye_world/share/fireye_world//models/turtlebot3_common/meshes/sensors/r200.daeZone.Identifier
[8.144s] -- Installing: /home/grey/Documentos/GitHub/Proyecto-Robotica-Fireye/fireye/ros2_ws/install/fireye_world/share/fireye_world//models/turtlebot3_common/meshes/sensors/r200.jpgZone.Identifier
[8.144s] -- Installing: /home/grey/Documentos/GitHub/Proyecto-Robotica-Fireye/fireye/ros2_ws/install/fireye_world/share/fireye_world//models/turtlebot3_common/meshes/sensors/r200.jpg
[8.144s] -- Installing: /home/grey/Documentos/GitHub/Proyecto-Robotica-Fireye/fireye/ros2_ws/install/fireye_world/share/fireye_world//models/turtlebot3_common/meshes/sensors/astra.daeZone.Identifier
[8.144s] -- Installing: /home/grey/Documentos/GitHub/Proyecto-Robotica-Fireye/fireye/ros2_ws/install/fireye_world/share/fireye_world//models/turtlebot3_common/meshes/sensors/lds.stlZone.Identifier
[8.144s] -- Installing: /home/grey/Documentos/GitHub/Proyecto-Robotica-Fireye/fireye/ros2_ws/install/fireye_world/share/fireye_world//models/turtlebot3_common/meshes/waffle_base.daeZone.Identifier
[8.144s] -- Installing: /home/grey/Documentos/GitHub/Proyecto-Robotica-Fireye/fireye/ros2_ws/install/fireye_world/share/fireye_world//models/turtlebot3_common/meshes/burger_base.daeZone.Identifier
[8.144s] -- Installing: /home/grey/Documentos/GitHub/Proyecto-Robotica-Fireye/fireye/ros2_ws/install/fireye_world/share/fireye_world//models/turtlebot3_common/meshes/burger_base.dae
[8.144s] -- Installing: /home/grey/Documentos/GitHub/Proyecto-Robotica-Fireye/fireye/ros2_ws/install/fireye_world/share/fireye_world//models/turtlebot3_common/meshes/r200.daeZone.Identifier
[8.144s] -- Installing: /home/grey/Documentos/GitHub/Proyecto-Robotica-Fireye/fireye/ros2_ws/install/fireye_world/share/fireye_world//models/turtlebot3_common/meshes/tire.daeZone.Identifier
[8.144s] -- Installing: /home/grey/Documentos/GitHub/Proyecto-Robotica-Fireye/fireye/ros2_ws/install/fireye_world/share/fireye_world//models/turtlebot3_common/meshes/bases
[8.144s] -- Installing: /home/grey/Documentos/GitHub/Proyecto-Robotica-Fireye/fireye/ros2_ws/install/fireye_world/share/fireye_world//models/turtlebot3_common/meshes/bases/waffle_pi_base.stlZone.Identifier
[8.144s] -- Installing: /home/grey/Documentos/GitHub/Proyecto-Robotica-Fireye/fireye/ros2_ws/install/fireye_world/share/fireye_world//models/turtlebot3_common/meshes/bases/waffle_base.stlZone.Identifier
[8.144s] -- Installing: /home/grey/Documentos/GitHub/Proyecto-Robotica-Fireye/fireye/ros2_ws/install/fireye_world/share/fireye_world//models/turtlebot3_common/meshes/bases/waffle_base.stl
[8.150s] -- Installing: /home/grey/Documentos/GitHub/Proyecto-Robotica-Fireye/fireye/ros2_ws/install/fireye_world/share/fireye_world//models/turtlebot3_common/meshes/bases/waffle_pi_base.stl
[8.152s] -- Installing: /home/grey/Documentos/GitHub/Proyecto-Robotica-Fireye/fireye/ros2_ws/install/fireye_world/share/fireye_world//models/turtlebot3_common/meshes/bases/burger_base.stl
[8.154s] -- Installing: /home/grey/Documentos/GitHub/Proyecto-Robotica-Fireye/fireye/ros2_ws/install/fireye_world/share/fireye_world//models/turtlebot3_common/meshes/bases/burger_base.stlZone.Identifier
[8.154s] -- Installing: /home/grey/Documentos/GitHub/Proyecto-Robotica-Fireye/fireye/ros2_ws/install/fireye_world/share/fireye_world//models/turtlebot3_common/meshes/waffle_base.dae
[8.154s] -- Installing: /home/grey/Documentos/GitHub/Proyecto-Robotica-Fireye/fireye/ros2_ws/install/fireye_world/share/fireye_world//models/turtlebot3_common/meshes/lds.dae
[8.154s] -- Installing: /home/grey/Documentos/GitHub/Proyecto-Robotica-Fireye/fireye/ros2_ws/install/fireye_world/share/fireye_world//models/turtlebot3_common/meshes/lds.daeZone.Identifier
[8.154s] -- Installing: /home/grey/Documentos/GitHub/Proyecto-Robotica-Fireye/fireye/ros2_ws/install/fireye_world/share/fireye_world//models/turtlebot3_common/meshes/waffle_pi_base.dae
[8.154s] -- Installing: /home/grey/Documentos/GitHub/Proyecto-Robotica-Fireye/fireye/ros2_ws/install/fireye_world/share/fireye_world//models/turtlebot3_common/meshes/waffle_pi_base.daeZone.Identifier
[8.154s] -- Installing: /home/grey/Documentos/GitHub/Proyecto-Robotica-Fireye/fireye/ros2_ws/install/fireye_world/share/fireye_world//models/turtlebot3_common/meshes/tire.dae
[8.154s] -- Installing: /home/grey/Documentos/GitHub/Proyecto-Robotica-Fireye/fireye/ros2_ws/install/fireye_world/share/fireye_world//models/turtlebot3_common/model.config
[8.155s] -- Installing: /home/grey/Documentos/GitHub/Proyecto-Robotica-Fireye/fireye/ros2_ws/install/fireye_world/share/fireye_world//models/turtlebot3_burger
[8.155s] -- Installing: /home/grey/Documentos/GitHub/Proyecto-Robotica-Fireye/fireye/ros2_ws/install/fireye_world/share/fireye_world//models/turtlebot3_burger/model.configZone.Identifier
[8.155s] -- Installing: /home/grey/Documentos/GitHub/Proyecto-Robotica-Fireye/fireye/ros2_ws/install/fireye_world/share/fireye_world//models/turtlebot3_burger/model.sdfZone.Identifier
[8.155s] -- Installing: /home/grey/Documentos/GitHub/Proyecto-Robotica-Fireye/fireye/ros2_ws/install/fireye_world/share/fireye_world//models/turtlebot3_burger/model.sdf
[8.155s] -- Installing: /home/grey/Documentos/GitHub/Proyecto-Robotica-Fireye/fireye/ros2_ws/install/fireye_world/share/fireye_world//models/turtlebot3_burger/model-1_4.sdf
[8.155s] -- Installing: /home/grey/Documentos/GitHub/Proyecto-Robotica-Fireye/fireye/ros2_ws/install/fireye_world/share/fireye_world//models/turtlebot3_burger/model.config
[8.155s] -- Installing: /home/grey/Documentos/GitHub/Proyecto-Robotica-Fireye/fireye/ros2_ws/install/fireye_world/share/fireye_world//models/turtlebot3_burger/model-1_4.sdfZone.Identifier
[8.155s] -- Installing: /home/grey/Documentos/GitHub/Proyecto-Robotica-Fireye/fireye/ros2_ws/install/fireye_world/share/fireye_world//models/turtlebot3_burger_cam
[8.155s] -- Installing: /home/grey/Documentos/GitHub/Proyecto-Robotica-Fireye/fireye/ros2_ws/install/fireye_world/share/fireye_world//models/turtlebot3_burger_cam/model.configZone.Identifier
[8.155s] -- Installing: /home/grey/Documentos/GitHub/Proyecto-Robotica-Fireye/fireye/ros2_ws/install/fireye_world/share/fireye_world//models/turtlebot3_burger_cam/model.sdfZone.Identifier
[8.155s] -- Installing: /home/grey/Documentos/GitHub/Proyecto-Robotica-Fireye/fireye/ros2_ws/install/fireye_world/share/fireye_world//models/turtlebot3_burger_cam/model.sdf
[8.155s] -- Installing: /home/grey/Documentos/GitHub/Proyecto-Robotica-Fireye/fireye/ros2_ws/install/fireye_world/share/fireye_world//models/turtlebot3_burger_cam/model-1_4.sdf
[8.155s] -- Installing: /home/grey/Documentos/GitHub/Proyecto-Robotica-Fireye/fireye/ros2_ws/install/fireye_world/share/fireye_world//models/turtlebot3_burger_cam/model.config
[8.155s] -- Installing: /home/grey/Documentos/GitHub/Proyecto-Robotica-Fireye/fireye/ros2_ws/install/fireye_world/share/fireye_world//models/turtlebot3_burger_cam/model-1_4.sdfZone.Identifier
[8.155s] -- Installing: /home/grey/Documentos/GitHub/Proyecto-Robotica-Fireye/fireye/ros2_ws/install/fireye_world/share/fireye_world//params
[8.155s] -- Installing: /home/grey/Documentos/GitHub/Proyecto-Robotica-Fireye/fireye/ros2_ws/install/fireye_world/share/fireye_world//params/turtlebot3_burger_bridge.yamlZone.Identifier
[8.155s] -- Installing: /home/grey/Documentos/GitHub/Proyecto-Robotica-Fireye/fireye/ros2_ws/install/fireye_world/share/fireye_world//params/turtlebot3_burger_bridge.yaml
[8.155s] -- Installing: /home/grey/Documentos/GitHub/Proyecto-Robotica-Fireye/fireye/ros2_ws/install/fireye_world/share/fireye_world//params/turtlebot3_burger_cam_bridge.yamlZone.Identifier
[8.155s] -- Installing: /home/grey/Documentos/GitHub/Proyecto-Robotica-Fireye/fireye/ros2_ws/install/fireye_world/share/fireye_world//params/turtlebot3_burger_cam_bridge.yaml
[8.155s] -- Installing: /home/grey/Documentos/GitHub/Proyecto-Robotica-Fireye/fireye/ros2_ws/install/fireye_world/share/fireye_world//rviz
[8.156s] -- Installing: /home/grey/Documentos/GitHub/Proyecto-Robotica-Fireye/fireye/ros2_ws/install/fireye_world/share/fireye_world//rviz/turtlebot3_burger.urdf
[8.156s] -- Installing: /home/grey/Documentos/GitHub/Proyecto-Robotica-Fireye/fireye/ros2_ws/install/fireye_world/share/fireye_world//rviz/turtlebot3_burger.urdfZone.Identifier
[8.156s] -- Installing: /home/grey/Documentos/GitHub/Proyecto-Robotica-Fireye/fireye/ros2_ws/install/fireye_world/share/fireye_world//urdf
[8.156s] -- Installing: /home/grey/Documentos/GitHub/Proyecto-Robotica-Fireye/fireye/ros2_ws/install/fireye_world/share/fireye_world//urdf/turtlebot3_burger_cam.urdf
[8.156s] -- Installing: /home/grey/Documentos/GitHub/Proyecto-Robotica-Fireye/fireye/ros2_ws/install/fireye_world/share/fireye_world//urdf/common_properties.urdfZone.Identifier
[8.156s] -- Installing: /home/grey/Documentos/GitHub/Proyecto-Robotica-Fireye/fireye/ros2_ws/install/fireye_world/share/fireye_world//urdf/common_properties.urdf
[8.156s] -- Installing: /home/grey/Documentos/GitHub/Proyecto-Robotica-Fireye/fireye/ros2_ws/install/fireye_world/share/fireye_world//urdf/turtlebot3_burger_cam.urdfZone.Identifier
[8.156s] -- Installing: /home/grey/Documentos/GitHub/Proyecto-Robotica-Fireye/fireye/ros2_ws/install/fireye_world/share/fireye_world//urdf/turtlebot3_burger.urdf
[8.156s] -- Installing: /home/grey/Documentos/GitHub/Proyecto-Robotica-Fireye/fireye/ros2_ws/install/fireye_world/share/fireye_world//urdf/turtlebot3_burger.urdfZone.Identifier
[8.156s] -- Installing: /home/grey/Documentos/GitHub/Proyecto-Robotica-Fireye/fireye/ros2_ws/install/fireye_world/share/fireye_world//worlds
[8.156s] -- Installing: /home/grey/Documentos/GitHub/Proyecto-Robotica-Fireye/fireye/ros2_ws/install/fireye_world/share/fireye_world//worlds/my_world.world
[8.156s] -- Installing: /home/grey/Documentos/GitHub/Proyecto-Robotica-Fireye/fireye/ros2_ws/install/fireye_world/share/fireye_world//worlds/turtlebot3_world.worldZone.Identifier
[8.156s] -- Installing: /home/grey/Documentos/GitHub/Proyecto-Robotica-Fireye/fireye/ros2_ws/install/fireye_world/share/fireye_world//worlds/harmonic.sdf
[8.156s] -- Installing: /home/grey/Documentos/GitHub/Proyecto-Robotica-Fireye/fireye/ros2_ws/install/fireye_world/include/
[8.156s] -- Installing: /home/grey/Documentos/GitHub/Proyecto-Robotica-Fireye/fireye/ros2_ws/install/fireye_world/include//obstacle2.hppZone.Identifier
[8.156s] -- Installing: /home/grey/Documentos/GitHub/Proyecto-Robotica-Fireye/fireye/ros2_ws/install/fireye_world/include//turtlebot3_drive.hpp
[8.156s] -- Installing: /home/grey/Documentos/GitHub/Proyecto-Robotica-Fireye/fireye/ros2_ws/install/fireye_world/include//obstacles.hpp
[8.156s] -- Installing: /home/grey/Documentos/GitHub/Proyecto-Robotica-Fireye/fireye/ros2_ws/install/fireye_world/include//traffic_bar_plugin.hpp
[8.156s] -- Installing: /home/grey/Documentos/GitHub/Proyecto-Robotica-Fireye/fireye/ros2_ws/install/fireye_world/include//traffic_bar_plugin.hppZone.Identifier
[8.156s] -- Installing: /home/grey/Documentos/GitHub/Proyecto-Robotica-Fireye/fireye/ros2_ws/install/fireye_world/include//turtlebot3_drive.hppZone.Identifier
[8.156s] -- Installing: /home/grey/Documentos/GitHub/Proyecto-Robotica-Fireye/fireye/ros2_ws/install/fireye_world/include//fireye_world
[8.156s] -- Installing: /home/grey/Documentos/GitHub/Proyecto-Robotica-Fireye/fireye/ros2_ws/install/fireye_world/include//obstacles.hppZone.Identifier
[8.156s] -- Installing: /home/grey/Documentos/GitHub/Proyecto-Robotica-Fireye/fireye/ros2_ws/install/fireye_world/include//traffic_light_plugin.hpp
[8.156s] -- Installing: /home/grey/Documentos/GitHub/Proyecto-Robotica-Fireye/fireye/ros2_ws/install/fireye_world/include//obstacle2.hpp
[8.156s] -- Installing: /home/grey/Documentos/GitHub/Proyecto-Robotica-Fireye/fireye/ros2_ws/install/fireye_world/include//obstacle1.hppZone.Identifier
[8.156s] -- Installing: /home/grey/Documentos/GitHub/Proyecto-Robotica-Fireye/fireye/ros2_ws/install/fireye_world/include//obstacle1.hpp
[8.156s] -- Installing: /home/grey/Documentos/GitHub/Proyecto-Robotica-Fireye/fireye/ros2_ws/install/fireye_world/include//traffic_light_plugin.hppZone.Identifier
[8.157s] -- Installing: /home/grey/Documentos/GitHub/Proyecto-Robotica-Fireye/fireye/ros2_ws/install/fireye_world/share/ament_index/resource_index/package_run_dependencies/fireye_world
[8.157s] -- Installing: /home/grey/Documentos/GitHub/Proyecto-Robotica-Fireye/fireye/ros2_ws/install/fireye_world/share/ament_index/resource_index/parent_prefix_path/fireye_world
[8.157s] -- Installing: /home/grey/Documentos/GitHub/Proyecto-Robotica-Fireye/fireye/ros2_ws/install/fireye_world/share/fireye_world/environment/ament_prefix_path.sh
[8.157s] -- Installing: /home/grey/Documentos/GitHub/Proyecto-Robotica-Fireye/fireye/ros2_ws/install/fireye_world/share/fireye_world/environment/ament_prefix_path.dsv
[8.157s] -- Installing: /home/grey/Documentos/GitHub/Proyecto-Robotica-Fireye/fireye/ros2_ws/install/fireye_world/share/fireye_world/environment/path.sh
[8.157s] -- Installing: /home/grey/Documentos/GitHub/Proyecto-Robotica-Fireye/fireye/ros2_ws/install/fireye_world/share/fireye_world/environment/path.dsv
[8.157s] -- Installing: /home/grey/Documentos/GitHub/Proyecto-Robotica-Fireye/fireye/ros2_ws/install/fireye_world/share/fireye_world/local_setup.bash
[8.157s] -- Installing: /home/grey/Documentos/GitHub/Proyecto-Robotica-Fireye/fireye/ros2_ws/install/fireye_world/share/fireye_world/local_setup.sh
[8.157s] -- Installing: /home/grey/Documentos/GitHub/Proyecto-Robotica-Fireye/fireye/ros2_ws/install/fireye_world/share/fireye_world/local_setup.zsh
[8.157s] -- Installing: /home/grey/Documentos/GitHub/Proyecto-Robotica-Fireye/fireye/ros2_ws/install/fireye_world/share/fireye_world/local_setup.dsv
[8.157s] -- Installing: /home/grey/Documentos/GitHub/Proyecto-Robotica-Fireye/fireye/ros2_ws/install/fireye_world/share/fireye_world/package.dsv
[8.157s] -- Installing: /home/grey/Documentos/GitHub/Proyecto-Robotica-Fireye/fireye/ros2_ws/install/fireye_world/share/ament_index/resource_index/packages/fireye_world
[8.157s] -- Installing: /home/grey/Documentos/GitHub/Proyecto-Robotica-Fireye/fireye/ros2_ws/install/fireye_world/share/fireye_world/cmake/ament_cmake_export_include_directories-extras.cmake
[8.157s] -- Installing: /home/grey/Documentos/GitHub/Proyecto-Robotica-Fireye/fireye/ros2_ws/install/fireye_world/share/fireye_world/cmake/ament_cmake_export_dependencies-extras.cmake
[8.157s] -- Installing: /home/grey/Documentos/GitHub/Proyecto-Robotica-Fireye/fireye/ros2_ws/install/fireye_world/share/fireye_world/cmake/fireye_worldConfig.cmake
[8.157s] -- Installing: /home/grey/Documentos/GitHub/Proyecto-Robotica-Fireye/fireye/ros2_ws/install/fireye_world/share/fireye_world/cmake/fireye_worldConfig-version.cmake
[8.157s] -- Installing: /home/grey/Documentos/GitHub/Proyecto-Robotica-Fireye/fireye/ros2_ws/install/fireye_world/share/fireye_world/package.xml
[8.158s] Invoked command in '/home/grey/Documentos/GitHub/Proyecto-Robotica-Fireye/fireye/ros2_ws/build/fireye_world' returned '0': CMAKE_PREFIX_PATH=${CMAKE_PREFIX_PATH}:/home/grey/turtlebot3_ws/install/show_msg:/home/grey/turtlebot3_ws/install/my_first_subscriber:/home/grey/turtlebot3_ws/install/my_first_service:/home/grey/turtlebot3_ws/install/my_first_publisher:/home/grey/turtlebot3_ws/install/my_first_node:/home/grey/turtlebot3_ws/install/my_first_action:/opt/ros/jazzy DEBUGINFOD_URLS=https://debuginfod.ubuntu.com /usr/bin/cmake --install /home/grey/Documentos/GitHub/Proyecto-Robotica-Fireye/fireye/ros2_ws/build/fireye_world
